Using pre-set license
Built from '2022.3/staging' branch; Version is '2022.3.36f1 (95a4219250e5) revision 9806881'; Using compiler version '192829333'; Build Type 'Release'
OS: 'Windows 11  (10.0.26100) 64bit Core' Language: 'en' Physical Memory: 32443 MB
BatchMode: 1, IsHumanControllingUs: 0, StartBugReporterOnCrash: 0, Is64bit: 1, IsPro: 1

COMMAND LINE ARGUMENTS:
C:\Program Files\Unity\Hub\Editor\2022.3.36f1\Editor\Unity.exe
-adb2
-batchMode
-noUpm
-name
AssetImportWorker1
-projectPath
C:/Repo/Blue-Star
-logFile
Logs/AssetImportWorker1.log
-srvPort
61253
Successfully changed project path to: C:/Repo/Blue-Star
C:/Repo/Blue-Star
[UnityMemory] Configuration Parameters - Can be set up in boot.config
    "memorysetup-bucket-allocator-granularity=16"
    "memorysetup-bucket-allocator-bucket-count=8"
    "memorysetup-bucket-allocator-block-size=33554432"
    "memorysetup-bucket-allocator-block-count=8"
    "memorysetup-main-allocator-block-size=16777216"
    "memorysetup-thread-allocator-block-size=16777216"
    "memorysetup-gfx-main-allocator-block-size=16777216"
    "memorysetup-gfx-thread-allocator-block-size=16777216"
    "memorysetup-cache-allocator-block-size=4194304"
    "memorysetup-typetree-allocator-block-size=2097152"
    "memorysetup-profiler-bucket-allocator-granularity=16"
    "memorysetup-profiler-bucket-allocator-bucket-count=8"
    "memorysetup-profiler-bucket-allocator-block-size=33554432"
    "memorysetup-profiler-bucket-allocator-block-count=8"
    "memorysetup-profiler-allocator-block-size=16777216"
    "memorysetup-profiler-editor-allocator-block-size=1048576"
    "memorysetup-temp-allocator-size-main=16777216"
    "memorysetup-job-temp-allocator-block-size=2097152"
    "memorysetup-job-temp-allocator-block-size-background=1048576"
    "memorysetup-job-temp-allocator-reduction-small-platforms=262144"
    "memorysetup-allocator-temp-initial-block-size-main=262144"
    "memorysetup-allocator-temp-initial-block-size-worker=262144"
    "memorysetup-temp-allocator-size-background-worker=32768"
    "memorysetup-temp-allocator-size-job-worker=262144"
    "memorysetup-temp-allocator-size-preload-manager=33554432"
    "memorysetup-temp-allocator-size-nav-mesh-worker=65536"
    "memorysetup-temp-allocator-size-audio-worker=65536"
    "memorysetup-temp-allocator-size-cloud-worker=32768"
    "memorysetup-temp-allocator-size-gi-baking-worker=262144"
    "memorysetup-temp-allocator-size-gfx=262144"
Player connection [19408] Host "[IP] 192.168.1.25 [Port] 0 [Flags] 2 [Guid] 1698930303 [EditorId] 1698930303 [Version] 1048832 [Id] WindowsEditor(7,DESKTOP-9899OK4) [Debug] 1 [PackageName] WindowsEditor [ProjectName] Editor" joined multi-casting on [225.0.0.222:54997]...

Player connection [19408] Host "[IP] 192.168.1.25 [Port] 0 [Flags] 2 [Guid] 1698930303 [EditorId] 1698930303 [Version] 1048832 [Id] WindowsEditor(7,DESKTOP-9899OK4) [Debug] 1 [PackageName] WindowsEditor [ProjectName] Editor" joined alternative multi-casting on [225.0.0.222:34997]...

[PhysX] Initialized MultithreadedTaskDispatcher with 16 workers.
Refreshing native plugins compatible for Editor in 25.49 ms, found 4 plugins.
Preloading 0 native plugins for Editor in 0.00 ms.
Initialize engine version: 2022.3.36f1 (95a4219250e5)
[Subsystems] Discovering subsystems at path C:/Program Files/Unity/Hub/Editor/2022.3.36f1/Editor/Data/Resources/UnitySubsystems
[Subsystems] Discovering subsystems at path C:/Repo/Blue-Star/Assets
GfxDevice: creating device client; threaded=0; jobified=0
Direct3D:
    Version:  Direct3D 11.0 [level 11.1]
    Renderer: NVIDIA GeForce RTX 3070 (ID=0x2484)
    Vendor:   NVIDIA
    VRAM:     8018 MB
    Driver:   32.0.15.6094
Initialize mono
Mono path[0] = 'C:/Program Files/Unity/Hub/Editor/2022.3.36f1/Editor/Data/Managed'
Mono path[1] = 'C:/Program Files/Unity/Hub/Editor/2022.3.36f1/Editor/Data/MonoBleedingEdge/lib/mono/unityjit-win32'
Mono config path = 'C:/Program Files/Unity/Hub/Editor/2022.3.36f1/Editor/Data/MonoBleedingEdge/etc'
Using monoOptions --debugger-agent=transport=dt_socket,embedding=1,server=y,suspend=n,address=127.0.0.1:56960
Begin MonoManager ReloadAssembly
Registering precompiled unity dll's ...
Register platform support module: C:/Program Files/Unity/Hub/Editor/2022.3.36f1/Editor/Data/PlaybackEngines/AndroidPlayer/UnityEditor.Android.Extensions.dll
Register platform support module: C:/Program Files/Unity/Hub/Editor/2022.3.36f1/Editor/Data/PlaybackEngines/WindowsStandaloneSupport/UnityEditor.WindowsStandalone.Extensions.dll
Register platform support module: C:/Program Files/Unity/Hub/Editor/2022.3.36f1/Editor/Data/PlaybackEngines/MetroSupport/UnityEditor.UWP.Extensions.dll
Registered in 0.012774 seconds.
- Loaded All Assemblies, in  0.435 seconds
Native extension for UWP target not found
Native extension for WindowsStandalone target not found
Native extension for Android target not found
Android Extension - Scanning For ADB Devices 411 ms
Mono: successfully reloaded assembly
- Finished resetting the current domain, in  0.802 seconds
Domain Reload Profiling: 1235ms
	BeginReloadAssembly (121ms)
		ExecutionOrderSort (0ms)
		DisableScriptedObjects (0ms)
		BackupInstance (0ms)
		ReleaseScriptingObjects (0ms)
		CreateAndSetChildDomain (1ms)
	RebuildCommonClasses (45ms)
	RebuildNativeTypeToScriptingClass (13ms)
	initialDomainReloadingComplete (71ms)
	LoadAllAssembliesAndSetupDomain (183ms)
		LoadAssemblies (120ms)
		RebuildTransferFunctionScriptingTraits (0ms)
		AnalyzeDomain (179ms)
			TypeCache.Refresh (177ms)
				TypeCache.ScanAssembly (160ms)
			ScanForSourceGeneratedMonoScriptInfo (0ms)
			ResolveRequiredComponents (1ms)
	FinalizeReload (803ms)
		ReleaseScriptCaches (0ms)
		RebuildScriptCaches (0ms)
		SetupLoadedEditorAssemblies (741ms)
			LogAssemblyErrors (0ms)
			InitializePlatformSupportModulesInManaged (547ms)
			SetLoadedEditorAssemblies (5ms)
			RefreshPlugins (0ms)
			BeforeProcessingInitializeOnLoad (2ms)
			ProcessInitializeOnLoadAttributes (137ms)
			ProcessInitializeOnLoadMethodAttributes (50ms)
			AfterProcessingInitializeOnLoad (0ms)
			EditorAssembliesLoaded (0ms)
		ExecutionOrderSort2 (0ms)
		AwakeInstancesAfterBackupRestoration (0ms)
========================================================================
Worker process is ready to serve import requests
Begin MonoManager ReloadAssembly
- Loaded All Assemblies, in  0.774 seconds
Refreshing native plugins compatible for Editor in 14.67 ms, found 4 plugins.
Native extension for UWP target not found
Native extension for WindowsStandalone target not found
Native extension for Android target not found
Package Manager log level set to [2]
[Package Manager] Server::EnsureServerProcessIsRunning -- launch failed, reason: Unity was launched with the -noUpm command-line argument
[Package Manager] UpmClient::Send -- Unable to send message (not connected to UPM process).
[Package Manager] Cannot connect to Unity Package Manager local server
Mono: successfully reloaded assembly
- Finished resetting the current domain, in  0.793 seconds
Domain Reload Profiling: 1562ms
	BeginReloadAssembly (171ms)
		ExecutionOrderSort (0ms)
		DisableScriptedObjects (5ms)
		BackupInstance (0ms)
		ReleaseScriptingObjects (0ms)
		CreateAndSetChildDomain (27ms)
	RebuildCommonClasses (38ms)
	RebuildNativeTypeToScriptingClass (13ms)
	initialDomainReloadingComplete (33ms)
	LoadAllAssembliesAndSetupDomain (513ms)
		LoadAssemblies (410ms)
		RebuildTransferFunctionScriptingTraits (0ms)
		AnalyzeDomain (206ms)
			TypeCache.Refresh (174ms)
				TypeCache.ScanAssembly (155ms)
			ScanForSourceGeneratedMonoScriptInfo (22ms)
			ResolveRequiredComponents (8ms)
	FinalizeReload (793ms)
		ReleaseScriptCaches (0ms)
		RebuildScriptCaches (0ms)
		SetupLoadedEditorAssemblies (627ms)
			LogAssemblyErrors (0ms)
			InitializePlatformSupportModulesInManaged (28ms)
			SetLoadedEditorAssemblies (4ms)
			RefreshPlugins (0ms)
			BeforeProcessingInitializeOnLoad (107ms)
			ProcessInitializeOnLoadAttributes (400ms)
			ProcessInitializeOnLoadMethodAttributes (79ms)
			AfterProcessingInitializeOnLoad (8ms)
			EditorAssembliesLoaded (0ms)
		ExecutionOrderSort2 (0ms)
		AwakeInstancesAfterBackupRestoration (6ms)
Launched and connected shader compiler UnityShaderCompiler.exe after 0.04 seconds
Refreshing native plugins compatible for Editor in 14.86 ms, found 4 plugins.
Preloading 0 native plugins for Editor in 0.00 ms.
Unloading 4212 Unused Serialized files (Serialized files now loaded: 0)
Unloading 130 unused Assets / (63.5 KB). Loaded Objects now: 4657.
Memory consumption went from 207.7 MB to 207.6 MB.
Total: 4.163100 ms (FindLiveObjects: 0.299300 ms CreateObjectMapping: 0.151100 ms MarkObjects: 3.518400 ms  DeleteObjects: 0.192700 ms)

AssetImportParameters requested are different than current active one (requested -> active):
  custom:container-demuxer-ogg: 62fdf1f143b41e24485cea50d1cbac27 -> 
  custom:video-codec-MediaFoundation-h265: 746d11721c4dcdbdad8f713fa42b33f4 -> 
  custom:video-decoder-ogg-theora: a1e56fd34408186e4bbccfd4996cb3dc -> 
  custom:framework-win-MediaFoundation: 216162199b28c13a410421893ffa2e32 -> 
  custom:CustomObjectIndexerAttribute: 72b91833f83ae208fae7752999fa3104 -> 
  custom:container-demuxer-webm: 4f35f7cbe854078d1ac9338744f61a02 -> 
  custom:container-muxer-webm: aa71ff27fc2769a1b78a27578f13a17b -> 
  custom:video-decoder-webm-vp8: 9c59270c3fd7afecdb556c50c9e8de78 -> 
  custom:SearchIndexIgnoredProperties: e643bd26f0fe6173181afceb89e7c659 -> 
  custom:AudioImporter_EditorPlatform: d09bf68614088b80899f8185d706f6e7 -> 
  custom:video-encoder-webm-vp8: eb34c28f22e8b96e1ab97ce403110664 -> 
  custom:audio-decoder-ogg-vorbis: bf7c407c2cedff20999df2af8eb42d56 -> 
  custom:audio-encoder-webm-vorbis: bf7c407c2cedff20999df2af8eb42d56 -> 
========================================================================
Received Import Request.
  Time since last request: 87627.301311 seconds.
  path: Assets/Organic assets/04 Game assets/04 - Scene prefabs/Skybox.prefab
  artifactKey: Guid(cf9ed1ac5bff6af42b23e077a86d0922) Importer(815301076,1909f56bfc062723c751e8b465ee728b)
Start importing Assets/Organic assets/04 Game assets/04 - Scene prefabs/Skybox.prefab using Guid(cf9ed1ac5bff6af42b23e077a86d0922) Importer(815301076,1909f56bfc062723c751e8b465ee728b) [PhysX] Initialized MultithreadedTaskDispatcher with 16 workers.
[PhysX] Initialized MultithreadedTaskDispatcher with 16 workers.
 -> (artifact id: 'c9a0bad9f19dfc50de0b234ccbe31080') in 0.270650 seconds
Number of updated asset objects reloaded before import = 0
Number of asset objects unloaded after import = 10
========================================================================
Received Import Request.
  Time since last request: 14.689814 seconds.
  path: Assets/Organic assets/02 Visual assets/07 Characters/Humanoid/HumanoidBackSpriteLibraryAsset.spriteLib
  artifactKey: Guid(41c804b3b1de31042875b2c4bb120848) Importer(815301076,1909f56bfc062723c751e8b465ee728b)
Start importing Assets/Organic assets/02 Visual assets/07 Characters/Humanoid/HumanoidBackSpriteLibraryAsset.spriteLib using Guid(41c804b3b1de31042875b2c4bb120848) Importer(815301076,1909f56bfc062723c751e8b465ee728b) [PhysX] Initialized MultithreadedTaskDispatcher with 16 workers.
 -> (artifact id: '1406c2eddb665a09aabce6fdc8cc004e') in 0.004164 seconds
Number of updated asset objects reloaded before import = 0
Number of asset objects unloaded after import = 69
========================================================================
Received Import Request.
  Time since last request: 0.000027 seconds.
  path: Assets/Organic assets/02 Visual assets/07 Characters/Humanoid/HumanoidFrontSpriteLibraryAsset.spriteLib
  artifactKey: Guid(ba2ec8b763567b5478be8756c9156de1) Importer(815301076,1909f56bfc062723c751e8b465ee728b)
Start importing Assets/Organic assets/02 Visual assets/07 Characters/Humanoid/HumanoidFrontSpriteLibraryAsset.spriteLib using Guid(ba2ec8b763567b5478be8756c9156de1) Importer(815301076,1909f56bfc062723c751e8b465ee728b) [PhysX] Initialized MultithreadedTaskDispatcher with 16 workers.
 -> (artifact id: '177dc416f02447fe580c075c7fcd7d47') in 0.003683 seconds
Number of updated asset objects reloaded before import = 0
Number of asset objects unloaded after import = 69
========================================================================
Received Import Request.
  Time since last request: 0.000021 seconds.
  path: Assets/Organic assets/02 Visual assets/07 Characters/Humanoid/HumanoidFrontSprite.psb
  artifactKey: Guid(970b05881613d234a92a1696e773577e) Importer(815301076,1909f56bfc062723c751e8b465ee728b)
Start importing Assets/Organic assets/02 Visual assets/07 Characters/Humanoid/HumanoidFrontSprite.psb using Guid(970b05881613d234a92a1696e773577e) Importer(815301076,1909f56bfc062723c751e8b465ee728b) [PhysX] Initialized MultithreadedTaskDispatcher with 16 workers.
[PhysX] Initialized MultithreadedTaskDispatcher with 16 workers.
[PhysX] Initialized MultithreadedTaskDispatcher with 16 workers.
[PhysX] Initialized MultithreadedTaskDispatcher with 16 workers.
[PhysX] Initialized MultithreadedTaskDispatcher with 16 workers.
[PhysX] Initialized MultithreadedTaskDispatcher with 16 workers.
[PhysX] Initialized MultithreadedTaskDispatcher with 16 workers.
[PhysX] Initialized MultithreadedTaskDispatcher with 16 workers.
[PhysX] Initialized MultithreadedTaskDispatcher with 16 workers.
[PhysX] Initialized MultithreadedTaskDispatcher with 16 workers.
[PhysX] Initialized MultithreadedTaskDispatcher with 16 workers.
[PhysX] Initialized MultithreadedTaskDispatcher with 16 workers.
[PhysX] Initialized MultithreadedTaskDispatcher with 16 workers.
[PhysX] Initialized MultithreadedTaskDispatcher with 16 workers.
[PhysX] Initialized MultithreadedTaskDispatcher with 16 workers.
[PhysX] Initialized MultithreadedTaskDispatcher with 16 workers.
[PhysX] Initialized MultithreadedTaskDispatcher with 16 workers.
[PhysX] Initialized MultithreadedTaskDispatcher with 16 workers.
[PhysX] Initialized MultithreadedTaskDispatcher with 16 workers.
[PhysX] Initialized MultithreadedTaskDispatcher with 16 workers.
[PhysX] Initialized MultithreadedTaskDispatcher with 16 workers.
[PhysX] Initialized MultithreadedTaskDispatcher with 16 workers.
[PhysX] Initialized MultithreadedTaskDispatcher with 16 workers.
[PhysX] Initialized MultithreadedTaskDispatcher with 16 workers.
[PhysX] Initialized MultithreadedTaskDispatcher with 16 workers.
[PhysX] Initialized MultithreadedTaskDispatcher with 16 workers.
[PhysX] Initialized MultithreadedTaskDispatcher with 16 workers.
[PhysX] Initialized MultithreadedTaskDispatcher with 16 workers.
[PhysX] Initialized MultithreadedTaskDispatcher with 16 workers.
[PhysX] Initialized MultithreadedTaskDispatcher with 16 workers.
 -> (artifact id: 'c2044f8b244b31272f5f1ccdbd97f110') in 0.380866 seconds
Number of updated asset objects reloaded before import = 0
Number of asset objects unloaded after import = 479
========================================================================
Received Import Request.
  Time since last request: 55.989571 seconds.
  path: Assets/Organic assets/04 Game assets/03 - UI components prefabs/Left Joystick Canvas.prefab
  artifactKey: Guid(ff0e96efeb02b084b8c12eda2f762238) Importer(815301076,1909f56bfc062723c751e8b465ee728b)
Start importing Assets/Organic assets/04 Game assets/03 - UI components prefabs/Left Joystick Canvas.prefab using Guid(ff0e96efeb02b084b8c12eda2f762238) Importer(815301076,1909f56bfc062723c751e8b465ee728b) [PhysX] Initialized MultithreadedTaskDispatcher with 16 workers.
 -> (artifact id: '242058fa5d12324418ee7becafa982d0') in 0.006689 seconds
Number of updated asset objects reloaded before import = 0
Number of asset objects unloaded after import = 15
========================================================================
Received Import Request.
  Time since last request: 18.769871 seconds.
  path: Assets/Organic assets/04 Game assets/06 - Character Rig/Humanoid/HumanoidFrontSprite.prefab
  artifactKey: Guid(083418c8678336d4e95ed8cbd8b76ca0) Importer(815301076,1909f56bfc062723c751e8b465ee728b)
Start importing Assets/Organic assets/04 Game assets/06 - Character Rig/Humanoid/HumanoidFrontSprite.prefab using Guid(083418c8678336d4e95ed8cbd8b76ca0) Importer(815301076,1909f56bfc062723c751e8b465ee728b) [PhysX] Initialized MultithreadedTaskDispatcher with 16 workers.
[PhysX] Initialized MultithreadedTaskDispatcher with 16 workers.
 -> (artifact id: 'c62103bbcd26ea3b80e5684ae5b184f1') in 0.057623 seconds
Number of updated asset objects reloaded before import = 0
Number of asset objects unloaded after import = 788
========================================================================
Received Import Request.
  Time since last request: 64.462284 seconds.
  path: Assets/Organic assets/02 Visual assets/99 working files/salle-tresor.psd
  artifactKey: Guid(7e836e09fee3a7f4dbcf0cd4e24638ef) Importer(815301076,1909f56bfc062723c751e8b465ee728b)
Start importing Assets/Organic assets/02 Visual assets/99 working files/salle-tresor.psd using Guid(7e836e09fee3a7f4dbcf0cd4e24638ef) Importer(815301076,1909f56bfc062723c751e8b465ee728b) [PhysX] Initialized MultithreadedTaskDispatcher with 16 workers.
[PhysX] Initialized MultithreadedTaskDispatcher with 16 workers.
 -> (artifact id: 'b8b1d02e1c823666b131e0ea82df0e34') in 0.092710 seconds
Number of updated asset objects reloaded before import = 0
Number of asset objects unloaded after import = 3
========================================================================
Received Import Request.
  Time since last request: 390.781330 seconds.
  path: Assets/Organic assets/02 Visual assets/01 Startscreen/Source/Background.png
  artifactKey: Guid(a5fd32ce0b8311b42a74f1d69ab2f752) Importer(815301076,1909f56bfc062723c751e8b465ee728b)
Start importing Assets/Organic assets/02 Visual assets/01 Startscreen/Source/Background.png using Guid(a5fd32ce0b8311b42a74f1d69ab2f752) Importer(815301076,1909f56bfc062723c751e8b465ee728b) [PhysX] Initialized MultithreadedTaskDispatcher with 16 workers.
[PhysX] Initialized MultithreadedTaskDispatcher with 16 workers.
 -> (artifact id: 'eec8b624591b9cacd226bb698a6b931b') in 0.068183 seconds
Number of updated asset objects reloaded before import = 0
Number of asset objects unloaded after import = 3
========================================================================
Received Import Request.
  Time since last request: 0.000044 seconds.
  path: Assets/Organic assets/02 Visual assets/01 Startscreen/Source/background_2.png
  artifactKey: Guid(6b8034ff5fc75664a885e6a64405adb8) Importer(815301076,1909f56bfc062723c751e8b465ee728b)
Start importing Assets/Organic assets/02 Visual assets/01 Startscreen/Source/background_2.png using Guid(6b8034ff5fc75664a885e6a64405adb8) Importer(815301076,1909f56bfc062723c751e8b465ee728b) [PhysX] Initialized MultithreadedTaskDispatcher with 16 workers.
[PhysX] Initialized MultithreadedTaskDispatcher with 16 workers.
 -> (artifact id: '6538b4f0e1b5aba1c72d59c5116f3229') in 0.225197 seconds
Number of updated asset objects reloaded before import = 0
Number of asset objects unloaded after import = 3
========================================================================
Received Import Request.
  Time since last request: 0.000025 seconds.
  path: Assets/Organic assets/02 Visual assets/01 Startscreen/Source/background_7.png
  artifactKey: Guid(e245e0e22ca810145b9e8b55f74303b8) Importer(815301076,1909f56bfc062723c751e8b465ee728b)
Start importing Assets/Organic assets/02 Visual assets/01 Startscreen/Source/background_7.png using Guid(e245e0e22ca810145b9e8b55f74303b8) Importer(815301076,1909f56bfc062723c751e8b465ee728b) [PhysX] Initialized MultithreadedTaskDispatcher with 16 workers.
[PhysX] Initialized MultithreadedTaskDispatcher with 16 workers.
 -> (artifact id: '065ddbb009e71bc105aba4992f3fc77f') in 0.068862 seconds
Number of updated asset objects reloaded before import = 0
Number of asset objects unloaded after import = 3
========================================================================
Received Import Request.
  Time since last request: 0.000033 seconds.
  path: Assets/Organic assets/02 Visual assets/01 Startscreen/Source/background_6.png
  artifactKey: Guid(7e551be4ccc201d4bb4ee74a423a4b00) Importer(815301076,1909f56bfc062723c751e8b465ee728b)
Start importing Assets/Organic assets/02 Visual assets/01 Startscreen/Source/background_6.png using Guid(7e551be4ccc201d4bb4ee74a423a4b00) Importer(815301076,1909f56bfc062723c751e8b465ee728b) [PhysX] Initialized MultithreadedTaskDispatcher with 16 workers.
[PhysX] Initialized MultithreadedTaskDispatcher with 16 workers.
 -> (artifact id: '950cfa6ad1d4277a06e20cfe322339ad') in 0.063343 seconds
Number of updated asset objects reloaded before import = 0
Number of asset objects unloaded after import = 3
========================================================================
Received Import Request.
  Time since last request: 0.000023 seconds.
  path: Assets/Organic assets/02 Visual assets/04 Characters in menu/CharacterDisplay/CharacterInMenu.psb
  artifactKey: Guid(312ad591b8dce7241bd9c0600ed69754) Importer(815301076,1909f56bfc062723c751e8b465ee728b)
Start importing Assets/Organic assets/02 Visual assets/04 Characters in menu/CharacterDisplay/CharacterInMenu.psb using Guid(312ad591b8dce7241bd9c0600ed69754) Importer(815301076,1909f56bfc062723c751e8b465ee728b) [PhysX] Initialized MultithreadedTaskDispatcher with 16 workers.
[PhysX] Initialized MultithreadedTaskDispatcher with 16 workers.
[PhysX] Initialized MultithreadedTaskDispatcher with 16 workers.
[PhysX] Initialized MultithreadedTaskDispatcher with 16 workers.
[PhysX] Initialized MultithreadedTaskDispatcher with 16 workers.
[PhysX] Initialized MultithreadedTaskDispatcher with 16 workers.
[PhysX] Initialized MultithreadedTaskDispatcher with 16 workers.
[PhysX] Initialized MultithreadedTaskDispatcher with 16 workers.
[PhysX] Initialized MultithreadedTaskDispatcher with 16 workers.
[PhysX] Initialized MultithreadedTaskDispatcher with 16 workers.
[PhysX] Initialized MultithreadedTaskDispatcher with 16 workers.
[PhysX] Initialized MultithreadedTaskDispatcher with 16 workers.
[PhysX] Initialized MultithreadedTaskDispatcher with 16 workers.
[PhysX] Initialized MultithreadedTaskDispatcher with 16 workers.
[PhysX] Initialized MultithreadedTaskDispatcher with 16 workers.
[PhysX] Initialized MultithreadedTaskDispatcher with 16 workers.
[PhysX] Initialized MultithreadedTaskDispatcher with 16 workers.
[PhysX] Initialized MultithreadedTaskDispatcher with 16 workers.
[PhysX] Initialized MultithreadedTaskDispatcher with 16 workers.
[PhysX] Initialized MultithreadedTaskDispatcher with 16 workers.
[PhysX] Initialized MultithreadedTaskDispatcher with 16 workers.
[PhysX] Initialized MultithreadedTaskDispatcher with 16 workers.
[PhysX] Initialized MultithreadedTaskDispatcher with 16 workers.
[PhysX] Initialized MultithreadedTaskDispatcher with 16 workers.
[PhysX] Initialized MultithreadedTaskDispatcher with 16 workers.
[PhysX] Initialized MultithreadedTaskDispatcher with 16 workers.
[PhysX] Initialized MultithreadedTaskDispatcher with 16 workers.
[PhysX] Initialized MultithreadedTaskDispatcher with 16 workers.
[PhysX] Initialized MultithreadedTaskDispatcher with 16 workers.
[PhysX] Initialized MultithreadedTaskDispatcher with 16 workers.
[PhysX] Initialized MultithreadedTaskDispatcher with 16 workers.
[PhysX] Initialized MultithreadedTaskDispatcher with 16 workers.
[PhysX] Initialized MultithreadedTaskDispatcher with 16 workers.
[PhysX] Initialized MultithreadedTaskDispatcher with 16 workers.
[PhysX] Initialized MultithreadedTaskDispatcher with 16 workers.
[PhysX] Initialized MultithreadedTaskDispatcher with 16 workers.
[PhysX] Initialized MultithreadedTaskDispatcher with 16 workers.
[PhysX] Initialized MultithreadedTaskDispatcher with 16 workers.
[PhysX] Initialized MultithreadedTaskDispatcher with 16 workers.
[PhysX] Initialized MultithreadedTaskDispatcher with 16 workers.
[PhysX] Initialized MultithreadedTaskDispatcher with 16 workers.
[PhysX] Initialized MultithreadedTaskDispatcher with 16 workers.
[PhysX] Initialized MultithreadedTaskDispatcher with 16 workers.
[PhysX] Initialized MultithreadedTaskDispatcher with 16 workers.
[PhysX] Initialized MultithreadedTaskDispatcher with 16 workers.
[PhysX] Initialized MultithreadedTaskDispatcher with 16 workers.
[PhysX] Initialized MultithreadedTaskDispatcher with 16 workers.
[PhysX] Initialized MultithreadedTaskDispatcher with 16 workers.
[PhysX] Initialized MultithreadedTaskDispatcher with 16 workers.
[PhysX] Initialized MultithreadedTaskDispatcher with 16 workers.
[PhysX] Initialized MultithreadedTaskDispatcher with 16 workers.
[PhysX] Initialized MultithreadedTaskDispatcher with 16 workers.
[PhysX] Initialized MultithreadedTaskDispatcher with 16 workers.
[PhysX] Initialized MultithreadedTaskDispatcher with 16 workers.
[PhysX] Initialized MultithreadedTaskDispatcher with 16 workers.
[PhysX] Initialized MultithreadedTaskDispatcher with 16 workers.
[PhysX] Initialized MultithreadedTaskDispatcher with 16 workers.
[PhysX] Initialized MultithreadedTaskDispatcher with 16 workers.
[PhysX] Initialized MultithreadedTaskDispatcher with 16 workers.
[PhysX] Initialized MultithreadedTaskDispatcher with 16 workers.
[PhysX] Initialized MultithreadedTaskDispatcher with 16 workers.
[PhysX] Initialized MultithreadedTaskDispatcher with 16 workers.
[PhysX] Initialized MultithreadedTaskDispatcher with 16 workers.
[PhysX] Initialized MultithreadedTaskDispatcher with 16 workers.
[PhysX] Initialized MultithreadedTaskDispatcher with 16 workers.
[PhysX] Initialized MultithreadedTaskDispatcher with 16 workers.
[PhysX] Initialized MultithreadedTaskDispatcher with 16 workers.
[PhysX] Initialized MultithreadedTaskDispatcher with 16 workers.
[PhysX] Initialized MultithreadedTaskDispatcher with 16 workers.
[PhysX] Initialized MultithreadedTaskDispatcher with 16 workers.
 -> (artifact id: '2237fdf3161d8c1a42d53a07d0268733') in 0.671089 seconds
Number of updated asset objects reloaded before import = 0
Number of asset objects unloaded after import = 275
========================================================================
Received Import Request.
  Time since last request: 0.000031 seconds.
  path: Assets/Organic assets/02 Visual assets/02 UI components/SpecificContainers/CityUIbarLeanSelection.psd
  artifactKey: Guid(3a6439162e1b2514fb63a07d2dd4d918) Importer(815301076,1909f56bfc062723c751e8b465ee728b)
Start importing Assets/Organic assets/02 Visual assets/02 UI components/SpecificContainers/CityUIbarLeanSelection.psd using Guid(3a6439162e1b2514fb63a07d2dd4d918) Importer(815301076,1909f56bfc062723c751e8b465ee728b) [PhysX] Initialized MultithreadedTaskDispatcher with 16 workers.
[PhysX] Initialized MultithreadedTaskDispatcher with 16 workers.
 -> (artifact id: 'e6cbfbdd4d4be827fd9b5e70e456a05e') in 0.017482 seconds
Number of updated asset objects reloaded before import = 0
Number of asset objects unloaded after import = 3
========================================================================
Received Import Request.
  Time since last request: 0.000035 seconds.
  path: Assets/Organic assets/02 Visual assets/01 Startscreen/background_5.png
  artifactKey: Guid(2e5765b09dc41ae4d8f01edc5124c946) Importer(815301076,1909f56bfc062723c751e8b465ee728b)
Start importing Assets/Organic assets/02 Visual assets/01 Startscreen/background_5.png using Guid(2e5765b09dc41ae4d8f01edc5124c946) Importer(815301076,1909f56bfc062723c751e8b465ee728b) [PhysX] Initialized MultithreadedTaskDispatcher with 16 workers.
[PhysX] Initialized MultithreadedTaskDispatcher with 16 workers.
 -> (artifact id: 'ecf39cde6a207c2b4e24628314d757a6') in 0.051587 seconds
Number of updated asset objects reloaded before import = 0
Number of asset objects unloaded after import = 3
========================================================================
Received Import Request.
  Time since last request: 0.000025 seconds.
  path: Assets/Organic assets/02 Visual assets/01 Startscreen/background_7.png
  artifactKey: Guid(5c9e25282ee37b64ca353199749f1b8d) Importer(815301076,1909f56bfc062723c751e8b465ee728b)
Start importing Assets/Organic assets/02 Visual assets/01 Startscreen/background_7.png using Guid(5c9e25282ee37b64ca353199749f1b8d) Importer(815301076,1909f56bfc062723c751e8b465ee728b) [PhysX] Initialized MultithreadedTaskDispatcher with 16 workers.
[PhysX] Initialized MultithreadedTaskDispatcher with 16 workers.
 -> (artifact id: '79a41bfd6e306dd2819af9c87f0cdbc6') in 0.048558 seconds
Number of updated asset objects reloaded before import = 0
Number of asset objects unloaded after import = 3
========================================================================
Received Import Request.
  Time since last request: 0.000024 seconds.
  path: Assets/Organic assets/02 Visual assets/04 Characters in menu/DialogueCharacter/Character_HellGeneral.psd
  artifactKey: Guid(32dd04de33ad78a46a794dd1dd5e1c66) Importer(815301076,1909f56bfc062723c751e8b465ee728b)
Start importing Assets/Organic assets/02 Visual assets/04 Characters in menu/DialogueCharacter/Character_HellGeneral.psd using Guid(32dd04de33ad78a46a794dd1dd5e1c66) Importer(815301076,1909f56bfc062723c751e8b465ee728b) [PhysX] Initialized MultithreadedTaskDispatcher with 16 workers.
[PhysX] Initialized MultithreadedTaskDispatcher with 16 workers.
 -> (artifact id: 'fa3dd07dcc07d347f46143dc773bd87f') in 0.024856 seconds
Number of updated asset objects reloaded before import = 0
Number of asset objects unloaded after import = 3
========================================================================
Received Import Request.
  Time since last request: 0.000024 seconds.
  path: Assets/Organic assets/02 Visual assets/01 Startscreen/background_2.png
  artifactKey: Guid(c3b4c13781d60ad43be2564df2ec7884) Importer(815301076,1909f56bfc062723c751e8b465ee728b)
Start importing Assets/Organic assets/02 Visual assets/01 Startscreen/background_2.png using Guid(c3b4c13781d60ad43be2564df2ec7884) Importer(815301076,1909f56bfc062723c751e8b465ee728b) [PhysX] Initialized MultithreadedTaskDispatcher with 16 workers.
[PhysX] Initialized MultithreadedTaskDispatcher with 16 workers.
 -> (artifact id: '6b8b617acb51aea802348c3fa7e569dc') in 0.058304 seconds
Number of updated asset objects reloaded before import = 0
Number of asset objects unloaded after import = 3
========================================================================
Received Import Request.
  Time since last request: 0.000033 seconds.
  path: Assets/Organic assets/02 Visual assets/02 UI components/SpecificContainers/CityUIbarLeanExplore.psd
  artifactKey: Guid(af13665de805df8499b79e3a2310bd83) Importer(815301076,1909f56bfc062723c751e8b465ee728b)
Start importing Assets/Organic assets/02 Visual assets/02 UI components/SpecificContainers/CityUIbarLeanExplore.psd using Guid(af13665de805df8499b79e3a2310bd83) Importer(815301076,1909f56bfc062723c751e8b465ee728b) [PhysX] Initialized MultithreadedTaskDispatcher with 16 workers.
[PhysX] Initialized MultithreadedTaskDispatcher with 16 workers.
 -> (artifact id: 'e253de87e13a96cf1d2a696db6527a1f') in 0.021520 seconds
Number of updated asset objects reloaded before import = 0
Number of asset objects unloaded after import = 3
========================================================================
Received Import Request.
  Time since last request: 0.000034 seconds.
  path: Assets/Organic assets/02 Visual assets/01 Startscreen/Source/background_5.png
  artifactKey: Guid(cbba555a70fe8c24eb5b78b096e2e09f) Importer(815301076,1909f56bfc062723c751e8b465ee728b)
Start importing Assets/Organic assets/02 Visual assets/01 Startscreen/Source/background_5.png using Guid(cbba555a70fe8c24eb5b78b096e2e09f) Importer(815301076,1909f56bfc062723c751e8b465ee728b) [PhysX] Initialized MultithreadedTaskDispatcher with 16 workers.
[PhysX] Initialized MultithreadedTaskDispatcher with 16 workers.
 -> (artifact id: 'f9cdf859b778ede5d39cf7c19c35829f') in 0.053566 seconds
Number of updated asset objects reloaded before import = 0
Number of asset objects unloaded after import = 3
========================================================================
Received Import Request.
  Time since last request: 0.000026 seconds.
  path: Assets/Organic assets/02 Visual assets/01 Startscreen/Source/background_3.png
  artifactKey: Guid(25abc60e5a9e81f45aa626401e12469f) Importer(815301076,1909f56bfc062723c751e8b465ee728b)
Start importing Assets/Organic assets/02 Visual assets/01 Startscreen/Source/background_3.png using Guid(25abc60e5a9e81f45aa626401e12469f) Importer(815301076,1909f56bfc062723c751e8b465ee728b) [PhysX] Initialized MultithreadedTaskDispatcher with 16 workers.
[PhysX] Initialized MultithreadedTaskDispatcher with 16 workers.
 -> (artifact id: 'e4b80c2e4390193486649f44120c9da6') in 0.058934 seconds
Number of updated asset objects reloaded before import = 0
Number of asset objects unloaded after import = 3
========================================================================
Received Import Request.
  Time since last request: 0.000034 seconds.
  path: Assets/Organic assets/02 Visual assets/02 UI components/SpecificContainers/CityUIbarLean.psd
  artifactKey: Guid(84f6a354f5f2c374288ae5a5c304662b) Importer(815301076,1909f56bfc062723c751e8b465ee728b)
Start importing Assets/Organic assets/02 Visual assets/02 UI components/SpecificContainers/CityUIbarLean.psd using Guid(84f6a354f5f2c374288ae5a5c304662b) Importer(815301076,1909f56bfc062723c751e8b465ee728b) [PhysX] Initialized MultithreadedTaskDispatcher with 16 workers.
[PhysX] Initialized MultithreadedTaskDispatcher with 16 workers.
 -> (artifact id: '7fe4603f33f05be461a6c4c2ec7f9861') in 0.018167 seconds
Number of updated asset objects reloaded before import = 0
Number of asset objects unloaded after import = 3
========================================================================
Received Import Request.
  Time since last request: 0.000025 seconds.
  path: Assets/Organic assets/02 Visual assets/02 UI components/SpecificContainers/CityUIbar.psd
  artifactKey: Guid(34c8500cb8a79a146ad056076aa4aa4f) Importer(815301076,1909f56bfc062723c751e8b465ee728b)
Start importing Assets/Organic assets/02 Visual assets/02 UI components/SpecificContainers/CityUIbar.psd using Guid(34c8500cb8a79a146ad056076aa4aa4f) Importer(815301076,1909f56bfc062723c751e8b465ee728b) [PhysX] Initialized MultithreadedTaskDispatcher with 16 workers.
[PhysX] Initialized MultithreadedTaskDispatcher with 16 workers.
 -> (artifact id: '772f25ccce6d61ff32bb229701248a16') in 0.018926 seconds
Number of updated asset objects reloaded before import = 0
Number of asset objects unloaded after import = 3
========================================================================
Received Import Request.
  Time since last request: 0.000025 seconds.
  path: Assets/Organic assets/02 Visual assets/01 Startscreen/background_1.png
  artifactKey: Guid(891b945f3f425494fb728124078c3dda) Importer(815301076,1909f56bfc062723c751e8b465ee728b)
Start importing Assets/Organic assets/02 Visual assets/01 Startscreen/background_1.png using Guid(891b945f3f425494fb728124078c3dda) Importer(815301076,1909f56bfc062723c751e8b465ee728b) [PhysX] Initialized MultithreadedTaskDispatcher with 16 workers.
[PhysX] Initialized MultithreadedTaskDispatcher with 16 workers.
 -> (artifact id: '9997f5ad4f8155c42835ce373dda1651') in 0.048062 seconds
Number of updated asset objects reloaded before import = 0
Number of asset objects unloaded after import = 3
========================================================================
Received Import Request.
  Time since last request: 0.000027 seconds.
  path: Assets/Organic assets/02 Visual assets/01 Startscreen/background_6.png
  artifactKey: Guid(1e8ba8b38a5d2764a889ccaf314e48de) Importer(815301076,1909f56bfc062723c751e8b465ee728b)
Start importing Assets/Organic assets/02 Visual assets/01 Startscreen/background_6.png using Guid(1e8ba8b38a5d2764a889ccaf314e48de) Importer(815301076,1909f56bfc062723c751e8b465ee728b) [PhysX] Initialized MultithreadedTaskDispatcher with 16 workers.
[PhysX] Initialized MultithreadedTaskDispatcher with 16 workers.
 -> (artifact id: 'f24941b0c1e06d9d03b995e748e42fcd') in 0.052022 seconds
Number of updated asset objects reloaded before import = 0
Number of asset objects unloaded after import = 3
========================================================================
Received Import Request.
  Time since last request: 0.000036 seconds.
  path: Assets/Organic assets/02 Visual assets/01 Startscreen/Source/background_4.png
  artifactKey: Guid(669a4834982891f4884ef9b3838d0055) Importer(815301076,1909f56bfc062723c751e8b465ee728b)
Start importing Assets/Organic assets/02 Visual assets/01 Startscreen/Source/background_4.png using Guid(669a4834982891f4884ef9b3838d0055) Importer(815301076,1909f56bfc062723c751e8b465ee728b) [PhysX] Initialized MultithreadedTaskDispatcher with 16 workers.
[PhysX] Initialized MultithreadedTaskDispatcher with 16 workers.
 -> (artifact id: '572f9bf9c5a2f8b2b13458b3ece2ad21') in 0.057149 seconds
Number of updated asset objects reloaded before import = 0
Number of asset objects unloaded after import = 3
========================================================================
Received Import Request.
  Time since last request: 2.505286 seconds.
  path: Assets/Organic assets/02 Visual assets/01 Startscreen/Source/Game logo.png
  artifactKey: Guid(f0c1201fd2fbc214b870cb7de6f4560b) Importer(815301076,1909f56bfc062723c751e8b465ee728b)
Start importing Assets/Organic assets/02 Visual assets/01 Startscreen/Source/Game logo.png using Guid(f0c1201fd2fbc214b870cb7de6f4560b) Importer(815301076,1909f56bfc062723c751e8b465ee728b) [PhysX] Initialized MultithreadedTaskDispatcher with 16 workers.
[PhysX] Initialized MultithreadedTaskDispatcher with 16 workers.
 -> (artifact id: 'f91c56c2655c2c3899fb38ef4d03141f') in 0.027286 seconds
Number of updated asset objects reloaded before import = 0
Number of asset objects unloaded after import = 3
========================================================================
Received Import Request.
  Time since last request: 0.000026 seconds.
  path: Assets/Organic assets/02 Visual assets/01 Startscreen/Source/Game title light v3.psd
  artifactKey: Guid(ffd11c0d4bd4cfb428ca2082ceb5ba69) Importer(815301076,1909f56bfc062723c751e8b465ee728b)
Start importing Assets/Organic assets/02 Visual assets/01 Startscreen/Source/Game title light v3.psd using Guid(ffd11c0d4bd4cfb428ca2082ceb5ba69) Importer(815301076,1909f56bfc062723c751e8b465ee728b) [PhysX] Initialized MultithreadedTaskDispatcher with 16 workers.
[PhysX] Initialized MultithreadedTaskDispatcher with 16 workers.
 -> (artifact id: 'b2c895fb9314dd58e06a8e5ba533ea5c') in 0.040762 seconds
Number of updated asset objects reloaded before import = 0
Number of asset objects unloaded after import = 3
========================================================================
Received Import Request.
  Time since last request: 0.000029 seconds.
  path: Assets/Organic assets/02 Visual assets/01 Startscreen/Source/Game title light v2.psd
  artifactKey: Guid(31073609ee877c04a88c196ca025ac22) Importer(815301076,1909f56bfc062723c751e8b465ee728b)
Start importing Assets/Organic assets/02 Visual assets/01 Startscreen/Source/Game title light v2.psd using Guid(31073609ee877c04a88c196ca025ac22) Importer(815301076,1909f56bfc062723c751e8b465ee728b) [PhysX] Initialized MultithreadedTaskDispatcher with 16 workers.
[PhysX] Initialized MultithreadedTaskDispatcher with 16 workers.
 -> (artifact id: 'ecac4631e16b7449e2158fab0a43c338') in 0.092378 seconds
Number of updated asset objects reloaded before import = 0
Number of asset objects unloaded after import = 3
========================================================================
Received Import Request.
  Time since last request: 5.504022 seconds.
  path: Assets/Organic assets/02 Visual assets/04 Characters in menu/CharacterDisplay/Sources/Body4_Nyla/Head_egypt_Akep.psd
  artifactKey: Guid(3f3ff7de82bf95b4286cd3a2fb5e9afe) Importer(815301076,1909f56bfc062723c751e8b465ee728b)
Start importing Assets/Organic assets/02 Visual assets/04 Characters in menu/CharacterDisplay/Sources/Body4_Nyla/Head_egypt_Akep.psd using Guid(3f3ff7de82bf95b4286cd3a2fb5e9afe) Importer(815301076,1909f56bfc062723c751e8b465ee728b) [PhysX] Initialized MultithreadedTaskDispatcher with 16 workers.
[PhysX] Initialized MultithreadedTaskDispatcher with 16 workers.
 -> (artifact id: '41f31ff763bdb105486a4c6b35521532') in 0.022662 seconds
Number of updated asset objects reloaded before import = 0
Number of asset objects unloaded after import = 3
========================================================================
Received Import Request.
  Time since last request: 0.249573 seconds.
  path: Assets/Organic assets/02 Visual assets/04 Characters in menu/CharacterDisplay/Sources/Body3_Infested/Head_infested_Parisi.psd
  artifactKey: Guid(3b4900938b4a20143b25588948f414a0) Importer(815301076,1909f56bfc062723c751e8b465ee728b)
Start importing Assets/Organic assets/02 Visual assets/04 Characters in menu/CharacterDisplay/Sources/Body3_Infested/Head_infested_Parisi.psd using Guid(3b4900938b4a20143b25588948f414a0) Importer(815301076,1909f56bfc062723c751e8b465ee728b) [PhysX] Initialized MultithreadedTaskDispatcher with 16 workers.
[PhysX] Initialized MultithreadedTaskDispatcher with 16 workers.
 -> (artifact id: '7fe9bf704d03823be8a8a081bb066d98') in 0.018566 seconds
Number of updated asset objects reloaded before import = 0
Number of asset objects unloaded after import = 3
========================================================================
Received Import Request.
  Time since last request: 0.002916 seconds.
  path: Assets/Organic assets/02 Visual assets/04 Characters in menu/CharacterDisplay/Sources/Body6_Vaporous/Head_vaporous_Spectrum.psd
  artifactKey: Guid(a5b96a6d5a7788c499b81413882e492c) Importer(815301076,1909f56bfc062723c751e8b465ee728b)
Start importing Assets/Organic assets/02 Visual assets/04 Characters in menu/CharacterDisplay/Sources/Body6_Vaporous/Head_vaporous_Spectrum.psd using Guid(a5b96a6d5a7788c499b81413882e492c) Importer(815301076,1909f56bfc062723c751e8b465ee728b) [PhysX] Initialized MultithreadedTaskDispatcher with 16 workers.
[PhysX] Initialized MultithreadedTaskDispatcher with 16 workers.
 -> (artifact id: '60461f1839cf5985884e9efeef45c311') in 0.018790 seconds
Number of updated asset objects reloaded before import = 0
Number of asset objects unloaded after import = 3
========================================================================
Received Import Request.
  Time since last request: 0.056594 seconds.
  path: Assets/Organic assets/02 Visual assets/02 UI components/Icons/Icon_InGame_Action_Break.psd
  artifactKey: Guid(e9cd78c910a244747a360f5f25e40ea2) Importer(815301076,1909f56bfc062723c751e8b465ee728b)
Start importing Assets/Organic assets/02 Visual assets/02 UI components/Icons/Icon_InGame_Action_Break.psd using Guid(e9cd78c910a244747a360f5f25e40ea2) Importer(815301076,1909f56bfc062723c751e8b465ee728b) [PhysX] Initialized MultithreadedTaskDispatcher with 16 workers.
[PhysX] Initialized MultithreadedTaskDispatcher with 16 workers.
 -> (artifact id: '413eb64c505a71eb08ef06c5832cb877') in 0.018238 seconds
Number of updated asset objects reloaded before import = 0
Number of asset objects unloaded after import = 3
========================================================================
Received Import Request.
  Time since last request: 0.000327 seconds.
  path: Assets/Organic assets/02 Visual assets/02 UI components/Icons/Icon_InGame_InvadeButton.psd
  artifactKey: Guid(952c7f1736627be4781a3d63014abe4c) Importer(815301076,1909f56bfc062723c751e8b465ee728b)
Start importing Assets/Organic assets/02 Visual assets/02 UI components/Icons/Icon_InGame_InvadeButton.psd using Guid(952c7f1736627be4781a3d63014abe4c) Importer(815301076,1909f56bfc062723c751e8b465ee728b) [PhysX] Initialized MultithreadedTaskDispatcher with 16 workers.
[PhysX] Initialized MultithreadedTaskDispatcher with 16 workers.
 -> (artifact id: '5b507bee6e104888e69321f2dd47574b') in 0.023155 seconds
Number of updated asset objects reloaded before import = 0
Number of asset objects unloaded after import = 3
========================================================================
Received Import Request.
  Time since last request: 0.000024 seconds.
  path: Assets/Organic assets/02 Visual assets/02 UI components/Icons/Icon_InGame_MeditateButton.psd
  artifactKey: Guid(78adff63b8627664c8ee590ed1657502) Importer(815301076,1909f56bfc062723c751e8b465ee728b)
Start importing Assets/Organic assets/02 Visual assets/02 UI components/Icons/Icon_InGame_MeditateButton.psd using Guid(78adff63b8627664c8ee590ed1657502) Importer(815301076,1909f56bfc062723c751e8b465ee728b) [PhysX] Initialized MultithreadedTaskDispatcher with 16 workers.
[PhysX] Initialized MultithreadedTaskDispatcher with 16 workers.
 -> (artifact id: '1454845f003f4224dc472aec4331cd01') in 0.015635 seconds
Number of updated asset objects reloaded before import = 0
Number of asset objects unloaded after import = 3
========================================================================
Received Import Request.
  Time since last request: 0.143871 seconds.
  path: Assets/Organic assets/02 Visual assets/04 Characters in menu/CharacterDisplay/Sources/Body4_Nyla/LeftArm_Egypt.psd
  artifactKey: Guid(39298ae407d750f4782cbc93b3469e24) Importer(815301076,1909f56bfc062723c751e8b465ee728b)
Start importing Assets/Organic assets/02 Visual assets/04 Characters in menu/CharacterDisplay/Sources/Body4_Nyla/LeftArm_Egypt.psd using Guid(39298ae407d750f4782cbc93b3469e24) Importer(815301076,1909f56bfc062723c751e8b465ee728b) [PhysX] Initialized MultithreadedTaskDispatcher with 16 workers.
[PhysX] Initialized MultithreadedTaskDispatcher with 16 workers.
 -> (artifact id: '10c9fa45082b18bc0e9b5e1c38dc2a72') in 0.018151 seconds
Number of updated asset objects reloaded before import = 0
Number of asset objects unloaded after import = 3
========================================================================
Received Import Request.
  Time since last request: 0.003707 seconds.
  path: Assets/Organic assets/02 Visual assets/04 Characters in menu/CharacterDisplay/Sources/Body7_Woody/LeftArm_Woody.psd
  artifactKey: Guid(38e1a03f2c5a6f74d8fcd6b8ee390b6b) Importer(815301076,1909f56bfc062723c751e8b465ee728b)
Start importing Assets/Organic assets/02 Visual assets/04 Characters in menu/CharacterDisplay/Sources/Body7_Woody/LeftArm_Woody.psd using Guid(38e1a03f2c5a6f74d8fcd6b8ee390b6b) Importer(815301076,1909f56bfc062723c751e8b465ee728b) [PhysX] Initialized MultithreadedTaskDispatcher with 16 workers.
[PhysX] Initialized MultithreadedTaskDispatcher with 16 workers.
 -> (artifact id: '9e8ddb1034c4658a8fff0ee5b384eca9') in 0.016425 seconds
Number of updated asset objects reloaded before import = 0
Number of asset objects unloaded after import = 3
========================================================================
Received Import Request.
  Time since last request: 19.841248 seconds.
  path: Assets/Organic assets/02 Visual assets/04 Characters in menu/CharacterDisplay/Sources/Body3_Infested/LeftFoot_Infested.psd
  artifactKey: Guid(1a7c732e639d40f4d8a51430eaf04ac7) Importer(815301076,1909f56bfc062723c751e8b465ee728b)
Start importing Assets/Organic assets/02 Visual assets/04 Characters in menu/CharacterDisplay/Sources/Body3_Infested/LeftFoot_Infested.psd using Guid(1a7c732e639d40f4d8a51430eaf04ac7) Importer(815301076,1909f56bfc062723c751e8b465ee728b) [PhysX] Initialized MultithreadedTaskDispatcher with 16 workers.
[PhysX] Initialized MultithreadedTaskDispatcher with 16 workers.
 -> (artifact id: 'd249a472c7879a50f73643ea618a140c') in 0.018465 seconds
Number of updated asset objects reloaded before import = 0
Number of asset objects unloaded after import = 3
========================================================================
Received Import Request.
  Time since last request: 0.000852 seconds.
  path: Assets/Organic assets/02 Visual assets/04 Characters in menu/CharacterDisplay/Sources/Body5_Butcher/LeftImp_Butcher.psd
  artifactKey: Guid(cf148072ae9c0c940b102ecb730bb093) Importer(815301076,1909f56bfc062723c751e8b465ee728b)
Start importing Assets/Organic assets/02 Visual assets/04 Characters in menu/CharacterDisplay/Sources/Body5_Butcher/LeftImp_Butcher.psd using Guid(cf148072ae9c0c940b102ecb730bb093) Importer(815301076,1909f56bfc062723c751e8b465ee728b) [PhysX] Initialized MultithreadedTaskDispatcher with 16 workers.
[PhysX] Initialized MultithreadedTaskDispatcher with 16 workers.
 -> (artifact id: 'aff0632871d130abca7374ba5379a8eb') in 0.017549 seconds
Number of updated asset objects reloaded before import = 0
Number of asset objects unloaded after import = 3
========================================================================
Received Import Request.
  Time since last request: 0.045949 seconds.
  path: Assets/Organic assets/02 Visual assets/04 Characters in menu/CharacterDisplay/Sources/Body8_Rocky/LeftImp_Rocky.psd
  artifactKey: Guid(1d7145c1060a56a4ea03e276da90e406) Importer(815301076,1909f56bfc062723c751e8b465ee728b)
Start importing Assets/Organic assets/02 Visual assets/04 Characters in menu/CharacterDisplay/Sources/Body8_Rocky/LeftImp_Rocky.psd using Guid(1d7145c1060a56a4ea03e276da90e406) Importer(815301076,1909f56bfc062723c751e8b465ee728b) [PhysX] Initialized MultithreadedTaskDispatcher with 16 workers.
[PhysX] Initialized MultithreadedTaskDispatcher with 16 workers.
 -> (artifact id: '79fd555165f3cf755f51eecd7ed50633') in 0.017860 seconds
Number of updated asset objects reloaded before import = 0
Number of asset objects unloaded after import = 3
========================================================================
Received Import Request.
  Time since last request: 2.271494 seconds.
  path: Assets/Organic assets/02 Visual assets/04 Characters in menu/CharacterDisplay/Sources/Body8_Rocky/Legs_Rocky.psd
  artifactKey: Guid(47c1eced3bdef2143b15b21cce207b44) Importer(815301076,1909f56bfc062723c751e8b465ee728b)
Start importing Assets/Organic assets/02 Visual assets/04 Characters in menu/CharacterDisplay/Sources/Body8_Rocky/Legs_Rocky.psd using Guid(47c1eced3bdef2143b15b21cce207b44) Importer(815301076,1909f56bfc062723c751e8b465ee728b) [PhysX] Initialized MultithreadedTaskDispatcher with 16 workers.
[PhysX] Initialized MultithreadedTaskDispatcher with 16 workers.
 -> (artifact id: 'ef795da7fb0f9ad1051ca8f1f25d3cd5') in 0.020039 seconds
Number of updated asset objects reloaded before import = 0
Number of asset objects unloaded after import = 3
========================================================================
Received Import Request.
  Time since last request: 2.183301 seconds.
  path: Assets/Organic assets/02 Visual assets/02 UI components/SpecificContainers/PortraitUI.psd
  artifactKey: Guid(9185fcc3ce9aab645bb811f307183a31) Importer(815301076,1909f56bfc062723c751e8b465ee728b)
Start importing Assets/Organic assets/02 Visual assets/02 UI components/SpecificContainers/PortraitUI.psd using Guid(9185fcc3ce9aab645bb811f307183a31) Importer(815301076,1909f56bfc062723c751e8b465ee728b) [PhysX] Initialized MultithreadedTaskDispatcher with 16 workers.
[PhysX] Initialized MultithreadedTaskDispatcher with 16 workers.
 -> (artifact id: '49b3a1a4a841463a1376f169ce24fb3f') in 0.022662 seconds
Number of updated asset objects reloaded before import = 0
Number of asset objects unloaded after import = 3
========================================================================
Received Import Request.
  Time since last request: 0.365203 seconds.
  path: Assets/Organic assets/02 Visual assets/04 Characters in menu/CharacterDisplay/Sources/Body3_Infested/RightArm_Infested.psd
  artifactKey: Guid(082b3796d8090e54e9135b53b81bdf1c) Importer(815301076,1909f56bfc062723c751e8b465ee728b)
Start importing Assets/Organic assets/02 Visual assets/04 Characters in menu/CharacterDisplay/Sources/Body3_Infested/RightArm_Infested.psd using Guid(082b3796d8090e54e9135b53b81bdf1c) Importer(815301076,1909f56bfc062723c751e8b465ee728b) [PhysX] Initialized MultithreadedTaskDispatcher with 16 workers.
[PhysX] Initialized MultithreadedTaskDispatcher with 16 workers.
 -> (artifact id: '21aefbc158b11439533d81cd22523dc9') in 0.020757 seconds
Number of updated asset objects reloaded before import = 0
Number of asset objects unloaded after import = 3
========================================================================
Received Import Request.
  Time since last request: 0.500404 seconds.
  path: Assets/Organic assets/02 Visual assets/04 Characters in menu/CharacterDisplay/Sources/Body3_Infested/RightFoot_Infested.psd
  artifactKey: Guid(72121c90c4e73f2478da9d68dd46fa99) Importer(815301076,1909f56bfc062723c751e8b465ee728b)
Start importing Assets/Organic assets/02 Visual assets/04 Characters in menu/CharacterDisplay/Sources/Body3_Infested/RightFoot_Infested.psd using Guid(72121c90c4e73f2478da9d68dd46fa99) Importer(815301076,1909f56bfc062723c751e8b465ee728b) [PhysX] Initialized MultithreadedTaskDispatcher with 16 workers.
[PhysX] Initialized MultithreadedTaskDispatcher with 16 workers.
 -> (artifact id: '330544bb65b7c5c979fcc3094909e11b') in 0.021785 seconds
Number of updated asset objects reloaded before import = 0
Number of asset objects unloaded after import = 3
========================================================================
Received Import Request.
  Time since last request: 0.064767 seconds.
  path: Assets/Organic assets/02 Visual assets/04 Characters in menu/CharacterDisplay/Sources/Body3_Infested/RightImp_Infested.psd
  artifactKey: Guid(5451e2d091d7bce40bb210a8db80d8b8) Importer(815301076,1909f56bfc062723c751e8b465ee728b)
Start importing Assets/Organic assets/02 Visual assets/04 Characters in menu/CharacterDisplay/Sources/Body3_Infested/RightImp_Infested.psd using Guid(5451e2d091d7bce40bb210a8db80d8b8) Importer(815301076,1909f56bfc062723c751e8b465ee728b) [PhysX] Initialized MultithreadedTaskDispatcher with 16 workers.
[PhysX] Initialized MultithreadedTaskDispatcher with 16 workers.
 -> (artifact id: '4e706e7fe48611379fb16f9749ad7b16') in 0.017047 seconds
Number of updated asset objects reloaded before import = 0
Number of asset objects unloaded after import = 3
========================================================================
Received Import Request.
  Time since last request: 41.894524 seconds.
  path: Assets/Organic assets/02 Visual assets/01 Startscreen/Source/Startscreen - blue landscape and dark underground.psd
  artifactKey: Guid(45a2d8addc2d937418889f88f5186c08) Importer(815301076,1909f56bfc062723c751e8b465ee728b)
Start importing Assets/Organic assets/02 Visual assets/01 Startscreen/Source/Startscreen - blue landscape and dark underground.psd using Guid(45a2d8addc2d937418889f88f5186c08) Importer(815301076,1909f56bfc062723c751e8b465ee728b) [PhysX] Initialized MultithreadedTaskDispatcher with 16 workers.
[PhysX] Initialized MultithreadedTaskDispatcher with 16 workers.
 -> (artifact id: 'dac75e0977d1b4d1ee3d79b81873cee8') in 0.077124 seconds
Number of updated asset objects reloaded before import = 0
Number of asset objects unloaded after import = 3
========================================================================
Received Import Request.
  Time since last request: 1.025460 seconds.
  path: Assets/Organic assets/02 Visual assets/04 Characters in menu/CharacterDisplay/Sources/Body3_Infested/Torso_Infested.psd
  artifactKey: Guid(f0f769a1b4a28d242933e36c5abece6c) Importer(815301076,1909f56bfc062723c751e8b465ee728b)
Start importing Assets/Organic assets/02 Visual assets/04 Characters in menu/CharacterDisplay/Sources/Body3_Infested/Torso_Infested.psd using Guid(f0f769a1b4a28d242933e36c5abece6c) Importer(815301076,1909f56bfc062723c751e8b465ee728b) [PhysX] Initialized MultithreadedTaskDispatcher with 16 workers.
[PhysX] Initialized MultithreadedTaskDispatcher with 16 workers.
 -> (artifact id: 'fda2a429b933e2bdcce9111d95ec85ab') in 0.019880 seconds
Number of updated asset objects reloaded before import = 0
Number of asset objects unloaded after import = 3
========================================================================
Received Import Request.
  Time since last request: 0.001474 seconds.
  path: Assets/Organic assets/02 Visual assets/02 UI components/GenericContainers/UI_Circle_Empty.psd
  artifactKey: Guid(8b50fe592e9e35a4784ecd25268fe2e3) Importer(815301076,1909f56bfc062723c751e8b465ee728b)
Start importing Assets/Organic assets/02 Visual assets/02 UI components/GenericContainers/UI_Circle_Empty.psd using Guid(8b50fe592e9e35a4784ecd25268fe2e3) Importer(815301076,1909f56bfc062723c751e8b465ee728b) [PhysX] Initialized MultithreadedTaskDispatcher with 16 workers.
[PhysX] Initialized MultithreadedTaskDispatcher with 16 workers.
 -> (artifact id: 'fc0ae82bc49ca3055654d9f5cf8f04f9') in 0.018795 seconds
Number of updated asset objects reloaded before import = 0
Number of asset objects unloaded after import = 3
========================================================================
Received Import Request.
  Time since last request: 0.038605 seconds.
  path: Assets/Organic assets/02 Visual assets/02 UI components/Icons/UI_Knob.psd
  artifactKey: Guid(ce4705d272a18634396a10ef9c0dc5b5) Importer(815301076,1909f56bfc062723c751e8b465ee728b)
Start importing Assets/Organic assets/02 Visual assets/02 UI components/Icons/UI_Knob.psd using Guid(ce4705d272a18634396a10ef9c0dc5b5) Importer(815301076,1909f56bfc062723c751e8b465ee728b) [PhysX] Initialized MultithreadedTaskDispatcher with 16 workers.
[PhysX] Initialized MultithreadedTaskDispatcher with 16 workers.
 -> (artifact id: '764ea44affc2130923a0b94a88b463b9') in 0.024602 seconds
Number of updated asset objects reloaded before import = 0
Number of asset objects unloaded after import = 3
========================================================================
Received Import Request.
  Time since last request: 0.000022 seconds.
  path: Assets/Organic assets/02 Visual assets/02 UI components/GenericContainers/UIPanelBackgroundTransparent.psd
  artifactKey: Guid(1ec9f341dd62e384eae8c9c408e1d2d5) Importer(815301076,1909f56bfc062723c751e8b465ee728b)
Start importing Assets/Organic assets/02 Visual assets/02 UI components/GenericContainers/UIPanelBackgroundTransparent.psd using Guid(1ec9f341dd62e384eae8c9c408e1d2d5) Importer(815301076,1909f56bfc062723c751e8b465ee728b) [PhysX] Initialized MultithreadedTaskDispatcher with 16 workers.
[PhysX] Initialized MultithreadedTaskDispatcher with 16 workers.
 -> (artifact id: 'f01055c5381919fa350897fd032947b1') in 0.025315 seconds
Number of updated asset objects reloaded before import = 0
Number of asset objects unloaded after import = 3
========================================================================
Received Import Request.
  Time since last request: 0.027608 seconds.
  path: Assets/Organic assets/02 Visual assets/01 Startscreen/Source/white_background.png
  artifactKey: Guid(01c4ed3e777f32342af722acf50a66f0) Importer(815301076,1909f56bfc062723c751e8b465ee728b)
Start importing Assets/Organic assets/02 Visual assets/01 Startscreen/Source/white_background.png using Guid(01c4ed3e777f32342af722acf50a66f0) Importer(815301076,1909f56bfc062723c751e8b465ee728b) [PhysX] Initialized MultithreadedTaskDispatcher with 16 workers.
[PhysX] Initialized MultithreadedTaskDispatcher with 16 workers.
 -> (artifact id: '03ca3933707efc886243d5654308b8bf') in 0.075025 seconds
Number of updated asset objects reloaded before import = 0
Number of asset objects unloaded after import = 3
