Using pre-set license
Built from '2022.3/staging' branch; Version is '2022.3.36f1 (95a4219250e5) revision 9806881'; Using compiler version '192829333'; Build Type 'Release'
OS: 'Windows 11  (10.0.26100) 64bit Core' Language: 'en' Physical Memory: 32443 MB
BatchMode: 1, IsHumanControllingUs: 0, StartBugReporterOnCrash: 0, Is64bit: 1, IsPro: 1

COMMAND LINE ARGUMENTS:
C:\Program Files\Unity\Hub\Editor\2022.3.36f1\Editor\Unity.exe
-adb2
-batchMode
-noUpm
-name
AssetImportWorker2
-projectPath
C:/Repo/Blue-Star
-logFile
Logs/AssetImportWorker2.log
-srvPort
61253
Successfully changed project path to: C:/Repo/Blue-Star
C:/Repo/Blue-Star
[UnityMemory] Configuration Parameters - Can be set up in boot.config
    "memorysetup-bucket-allocator-granularity=16"
    "memorysetup-bucket-allocator-bucket-count=8"
    "memorysetup-bucket-allocator-block-size=33554432"
    "memorysetup-bucket-allocator-block-count=8"
    "memorysetup-main-allocator-block-size=16777216"
    "memorysetup-thread-allocator-block-size=16777216"
    "memorysetup-gfx-main-allocator-block-size=16777216"
    "memorysetup-gfx-thread-allocator-block-size=16777216"
    "memorysetup-cache-allocator-block-size=4194304"
    "memorysetup-typetree-allocator-block-size=2097152"
    "memorysetup-profiler-bucket-allocator-granularity=16"
    "memorysetup-profiler-bucket-allocator-bucket-count=8"
    "memorysetup-profiler-bucket-allocator-block-size=33554432"
    "memorysetup-profiler-bucket-allocator-block-count=8"
    "memorysetup-profiler-allocator-block-size=16777216"
    "memorysetup-profiler-editor-allocator-block-size=1048576"
    "memorysetup-temp-allocator-size-main=16777216"
    "memorysetup-job-temp-allocator-block-size=2097152"
    "memorysetup-job-temp-allocator-block-size-background=1048576"
    "memorysetup-job-temp-allocator-reduction-small-platforms=262144"
    "memorysetup-allocator-temp-initial-block-size-main=262144"
    "memorysetup-allocator-temp-initial-block-size-worker=262144"
    "memorysetup-temp-allocator-size-background-worker=32768"
    "memorysetup-temp-allocator-size-job-worker=262144"
    "memorysetup-temp-allocator-size-preload-manager=33554432"
    "memorysetup-temp-allocator-size-nav-mesh-worker=65536"
    "memorysetup-temp-allocator-size-audio-worker=65536"
    "memorysetup-temp-allocator-size-cloud-worker=32768"
    "memorysetup-temp-allocator-size-gi-baking-worker=262144"
    "memorysetup-temp-allocator-size-gfx=262144"
Player connection [27316] Host "[IP] 192.168.1.25 [Port] 0 [Flags] 2 [Guid] 119391938 [EditorId] 119391938 [Version] 1048832 [Id] WindowsEditor(7,DESKTOP-9899OK4) [Debug] 1 [PackageName] WindowsEditor [ProjectName] Editor" joined multi-casting on [225.0.0.222:54997]...

Player connection [27316] Host "[IP] 192.168.1.25 [Port] 0 [Flags] 2 [Guid] 119391938 [EditorId] 119391938 [Version] 1048832 [Id] WindowsEditor(7,DESKTOP-9899OK4) [Debug] 1 [PackageName] WindowsEditor [ProjectName] Editor" joined alternative multi-casting on [225.0.0.222:34997]...

[PhysX] Initialized MultithreadedTaskDispatcher with 16 workers.
Refreshing native plugins compatible for Editor in 29.04 ms, found 4 plugins.
Preloading 0 native plugins for Editor in 0.00 ms.
Initialize engine version: 2022.3.36f1 (95a4219250e5)
[Subsystems] Discovering subsystems at path C:/Program Files/Unity/Hub/Editor/2022.3.36f1/Editor/Data/Resources/UnitySubsystems
[Subsystems] Discovering subsystems at path C:/Repo/Blue-Star/Assets
GfxDevice: creating device client; threaded=0; jobified=0
Direct3D:
    Version:  Direct3D 11.0 [level 11.1]
    Renderer: NVIDIA GeForce RTX 3070 (ID=0x2484)
    Vendor:   NVIDIA
    VRAM:     8018 MB
    Driver:   32.0.15.6094
Initialize mono
Mono path[0] = 'C:/Program Files/Unity/Hub/Editor/2022.3.36f1/Editor/Data/Managed'
Mono path[1] = 'C:/Program Files/Unity/Hub/Editor/2022.3.36f1/Editor/Data/MonoBleedingEdge/lib/mono/unityjit-win32'
Mono config path = 'C:/Program Files/Unity/Hub/Editor/2022.3.36f1/Editor/Data/MonoBleedingEdge/etc'
Using monoOptions --debugger-agent=transport=dt_socket,embedding=1,server=y,suspend=n,address=127.0.0.1:56304
Begin MonoManager ReloadAssembly
Registering precompiled unity dll's ...
Register platform support module: C:/Program Files/Unity/Hub/Editor/2022.3.36f1/Editor/Data/PlaybackEngines/AndroidPlayer/UnityEditor.Android.Extensions.dll
Register platform support module: C:/Program Files/Unity/Hub/Editor/2022.3.36f1/Editor/Data/PlaybackEngines/WindowsStandaloneSupport/UnityEditor.WindowsStandalone.Extensions.dll
Register platform support module: C:/Program Files/Unity/Hub/Editor/2022.3.36f1/Editor/Data/PlaybackEngines/MetroSupport/UnityEditor.UWP.Extensions.dll
Registered in 0.012446 seconds.
- Loaded All Assemblies, in  0.438 seconds
Native extension for UWP target not found
Native extension for WindowsStandalone target not found
Native extension for Android target not found
Android Extension - Scanning For ADB Devices 262 ms
Mono: successfully reloaded assembly
- Finished resetting the current domain, in  0.609 seconds
Domain Reload Profiling: 1043ms
	BeginReloadAssembly (139ms)
		ExecutionOrderSort (0ms)
		DisableScriptedObjects (0ms)
		BackupInstance (0ms)
		ReleaseScriptingObjects (0ms)
		CreateAndSetChildDomain (1ms)
	RebuildCommonClasses (36ms)
	RebuildNativeTypeToScriptingClass (12ms)
	initialDomainReloadingComplete (77ms)
	LoadAllAssembliesAndSetupDomain (170ms)
		LoadAssemblies (137ms)
		RebuildTransferFunctionScriptingTraits (0ms)
		AnalyzeDomain (167ms)
			TypeCache.Refresh (165ms)
				TypeCache.ScanAssembly (149ms)
			ScanForSourceGeneratedMonoScriptInfo (0ms)
			ResolveRequiredComponents (1ms)
	FinalizeReload (609ms)
		ReleaseScriptCaches (0ms)
		RebuildScriptCaches (0ms)
		SetupLoadedEditorAssemblies (542ms)
			LogAssemblyErrors (0ms)
			InitializePlatformSupportModulesInManaged (369ms)
			SetLoadedEditorAssemblies (4ms)
			RefreshPlugins (0ms)
			BeforeProcessingInitializeOnLoad (2ms)
			ProcessInitializeOnLoadAttributes (122ms)
			ProcessInitializeOnLoadMethodAttributes (45ms)
			AfterProcessingInitializeOnLoad (0ms)
			EditorAssembliesLoaded (0ms)
		ExecutionOrderSort2 (0ms)
		AwakeInstancesAfterBackupRestoration (0ms)
========================================================================
Worker process is ready to serve import requests
Begin MonoManager ReloadAssembly
- Loaded All Assemblies, in  0.723 seconds
Refreshing native plugins compatible for Editor in 15.98 ms, found 4 plugins.
Native extension for UWP target not found
Native extension for WindowsStandalone target not found
Native extension for Android target not found
Package Manager log level set to [2]
[Package Manager] Server::EnsureServerProcessIsRunning -- launch failed, reason: Unity was launched with the -noUpm command-line argument
[Package Manager] UpmClient::Send -- Unable to send message (not connected to UPM process).
[Package Manager] Cannot connect to Unity Package Manager local server
Mono: successfully reloaded assembly
- Finished resetting the current domain, in  0.798 seconds
Domain Reload Profiling: 1517ms
	BeginReloadAssembly (151ms)
		ExecutionOrderSort (0ms)
		DisableScriptedObjects (6ms)
		BackupInstance (0ms)
		ReleaseScriptingObjects (0ms)
		CreateAndSetChildDomain (23ms)
	RebuildCommonClasses (32ms)
	RebuildNativeTypeToScriptingClass (12ms)
	initialDomainReloadingComplete (41ms)
	LoadAllAssembliesAndSetupDomain (482ms)
		LoadAssemblies (383ms)
		RebuildTransferFunctionScriptingTraits (0ms)
		AnalyzeDomain (186ms)
			TypeCache.Refresh (145ms)
				TypeCache.ScanAssembly (128ms)
			ScanForSourceGeneratedMonoScriptInfo (27ms)
			ResolveRequiredComponents (12ms)
	FinalizeReload (799ms)
		ReleaseScriptCaches (0ms)
		RebuildScriptCaches (0ms)
		SetupLoadedEditorAssemblies (610ms)
			LogAssemblyErrors (0ms)
			InitializePlatformSupportModulesInManaged (28ms)
			SetLoadedEditorAssemblies (4ms)
			RefreshPlugins (0ms)
			BeforeProcessingInitializeOnLoad (107ms)
			ProcessInitializeOnLoadAttributes (386ms)
			ProcessInitializeOnLoadMethodAttributes (76ms)
			AfterProcessingInitializeOnLoad (8ms)
			EditorAssembliesLoaded (0ms)
		ExecutionOrderSort2 (0ms)
		AwakeInstancesAfterBackupRestoration (6ms)
Launched and connected shader compiler UnityShaderCompiler.exe after 0.05 seconds
Refreshing native plugins compatible for Editor in 24.90 ms, found 4 plugins.
Preloading 0 native plugins for Editor in 0.00 ms.
Unloading 4212 Unused Serialized files (Serialized files now loaded: 0)
Unloading 130 unused Assets / (63.5 KB). Loaded Objects now: 4657.
Memory consumption went from 207.7 MB to 207.6 MB.
Total: 6.378600 ms (FindLiveObjects: 0.485700 ms CreateObjectMapping: 0.382200 ms MarkObjects: 5.251900 ms  DeleteObjects: 0.257100 ms)

AssetImportParameters requested are different than current active one (requested -> active):
  custom:container-demuxer-ogg: 62fdf1f143b41e24485cea50d1cbac27 -> 
  custom:video-codec-MediaFoundation-h265: 746d11721c4dcdbdad8f713fa42b33f4 -> 
  custom:video-decoder-ogg-theora: a1e56fd34408186e4bbccfd4996cb3dc -> 
  custom:framework-win-MediaFoundation: 216162199b28c13a410421893ffa2e32 -> 
  custom:CustomObjectIndexerAttribute: 72b91833f83ae208fae7752999fa3104 -> 
  custom:container-demuxer-webm: 4f35f7cbe854078d1ac9338744f61a02 -> 
  custom:container-muxer-webm: aa71ff27fc2769a1b78a27578f13a17b -> 
  custom:video-decoder-webm-vp8: 9c59270c3fd7afecdb556c50c9e8de78 -> 
  custom:SearchIndexIgnoredProperties: e643bd26f0fe6173181afceb89e7c659 -> 
  custom:AudioImporter_EditorPlatform: d09bf68614088b80899f8185d706f6e7 -> 
  custom:video-encoder-webm-vp8: eb34c28f22e8b96e1ab97ce403110664 -> 
  custom:audio-decoder-ogg-vorbis: bf7c407c2cedff20999df2af8eb42d56 -> 
  custom:audio-encoder-webm-vorbis: bf7c407c2cedff20999df2af8eb42d56 -> 
========================================================================
Received Import Request.
  Time since last request: 88182.860444 seconds.
  path: Assets/Organic assets/02 Visual assets/04 Characters in menu/CharacterDisplay/Sources/Body5_Butcher/Head_butcher_Cherubim.psd
  artifactKey: Guid(254f4aa186212e64aa447796fc638422) Importer(815301076,1909f56bfc062723c751e8b465ee728b)
Start importing Assets/Organic assets/02 Visual assets/04 Characters in menu/CharacterDisplay/Sources/Body5_Butcher/Head_butcher_Cherubim.psd using Guid(254f4aa186212e64aa447796fc638422) Importer(815301076,1909f56bfc062723c751e8b465ee728b) [PhysX] Initialized MultithreadedTaskDispatcher with 16 workers.
[PhysX] Initialized MultithreadedTaskDispatcher with 16 workers.
 -> (artifact id: '9573e95ac0dde11ec1901f4b048435ee') in 0.082781 seconds
Number of updated asset objects reloaded before import = 0
Number of asset objects unloaded after import = 3
========================================================================
Received Import Request.
  Time since last request: 0.189172 seconds.
  path: Assets/Organic assets/02 Visual assets/04 Characters in menu/CharacterDisplay/Sources/Body4_Nyla/Head_egypt_Anub.psd
  artifactKey: Guid(bc3c2825220be6e4f86e0e49891278c1) Importer(815301076,1909f56bfc062723c751e8b465ee728b)
Start importing Assets/Organic assets/02 Visual assets/04 Characters in menu/CharacterDisplay/Sources/Body4_Nyla/Head_egypt_Anub.psd using Guid(bc3c2825220be6e4f86e0e49891278c1) Importer(815301076,1909f56bfc062723c751e8b465ee728b) [PhysX] Initialized MultithreadedTaskDispatcher with 16 workers.
[PhysX] Initialized MultithreadedTaskDispatcher with 16 workers.
 -> (artifact id: 'a04b52fea2ba79d48f826674b40d90b0') in 0.016366 seconds
Number of updated asset objects reloaded before import = 0
Number of asset objects unloaded after import = 3
========================================================================
Received Import Request.
  Time since last request: 0.002162 seconds.
  path: Assets/Organic assets/02 Visual assets/04 Characters in menu/CharacterDisplay/Sources/Body8_Rocky/Head_rocky_Dagnum.psd
  artifactKey: Guid(69052839aa158c342928a1b20844aa1a) Importer(815301076,1909f56bfc062723c751e8b465ee728b)
Start importing Assets/Organic assets/02 Visual assets/04 Characters in menu/CharacterDisplay/Sources/Body8_Rocky/Head_rocky_Dagnum.psd using Guid(69052839aa158c342928a1b20844aa1a) Importer(815301076,1909f56bfc062723c751e8b465ee728b) [PhysX] Initialized MultithreadedTaskDispatcher with 16 workers.
[PhysX] Initialized MultithreadedTaskDispatcher with 16 workers.
 -> (artifact id: 'ad2608ee571432620e834688594ca48d') in 0.016252 seconds
Number of updated asset objects reloaded before import = 0
Number of asset objects unloaded after import = 3
========================================================================
Received Import Request.
  Time since last request: 0.000051 seconds.
  path: Assets/Organic assets/02 Visual assets/04 Characters in menu/CharacterDisplay/Sources/Body6_Vaporous/Head_vaporous_Thronoi.psd
  artifactKey: Guid(dad632d4a9dfd0e478543601010af4dc) Importer(815301076,1909f56bfc062723c751e8b465ee728b)
Start importing Assets/Organic assets/02 Visual assets/04 Characters in menu/CharacterDisplay/Sources/Body6_Vaporous/Head_vaporous_Thronoi.psd using Guid(dad632d4a9dfd0e478543601010af4dc) Importer(815301076,1909f56bfc062723c751e8b465ee728b) [PhysX] Initialized MultithreadedTaskDispatcher with 16 workers.
[PhysX] Initialized MultithreadedTaskDispatcher with 16 workers.
 -> (artifact id: '9d7e8284a136340e7f59eb4b2b75e6d8') in 0.017541 seconds
Number of updated asset objects reloaded before import = 0
Number of asset objects unloaded after import = 3
========================================================================
Received Import Request.
  Time since last request: 0.040317 seconds.
  path: Assets/Organic assets/02 Visual assets/04 Characters in menu/CharacterDisplay/Sources/Body7_Woody/Head_woody_Elfaji.psd
  artifactKey: Guid(53ed37c4e45abea4682f3d3906382f3c) Importer(815301076,1909f56bfc062723c751e8b465ee728b)
Start importing Assets/Organic assets/02 Visual assets/04 Characters in menu/CharacterDisplay/Sources/Body7_Woody/Head_woody_Elfaji.psd using Guid(53ed37c4e45abea4682f3d3906382f3c) Importer(815301076,1909f56bfc062723c751e8b465ee728b) [PhysX] Initialized MultithreadedTaskDispatcher with 16 workers.
[PhysX] Initialized MultithreadedTaskDispatcher with 16 workers.
 -> (artifact id: 'd5d8572d8761f3652a9365f0baea432c') in 0.015919 seconds
Number of updated asset objects reloaded before import = 0
Number of asset objects unloaded after import = 3
========================================================================
Received Import Request.
  Time since last request: 0.000018 seconds.
  path: Assets/Organic assets/02 Visual assets/02 UI components/Icons/Icon_InGame_SettingsOpen.psd
  artifactKey: Guid(33c5838e1cfe19c46912938373161d9f) Importer(815301076,1909f56bfc062723c751e8b465ee728b)
Start importing Assets/Organic assets/02 Visual assets/02 UI components/Icons/Icon_InGame_SettingsOpen.psd using Guid(33c5838e1cfe19c46912938373161d9f) Importer(815301076,1909f56bfc062723c751e8b465ee728b) [PhysX] Initialized MultithreadedTaskDispatcher with 16 workers.
[PhysX] Initialized MultithreadedTaskDispatcher with 16 workers.
 -> (artifact id: '8fa80f5b04f487b56dcdcb498a2556a7') in 0.018593 seconds
Number of updated asset objects reloaded before import = 0
Number of asset objects unloaded after import = 3
========================================================================
Received Import Request.
  Time since last request: 0.000019 seconds.
  path: Assets/Gizmos/ikGoal.png
  artifactKey: Guid(5d4a2c9d29e244fbe8f0b61d69a47af3) Importer(815301076,1909f56bfc062723c751e8b465ee728b)
Start importing Assets/Gizmos/ikGoal.png using Guid(5d4a2c9d29e244fbe8f0b61d69a47af3) Importer(815301076,1909f56bfc062723c751e8b465ee728b) [PhysX] Initialized MultithreadedTaskDispatcher with 16 workers.
[PhysX] Initialized MultithreadedTaskDispatcher with 16 workers.
 -> (artifact id: '66e938036aabaff8c3321fe822037d5b') in 0.020189 seconds
Number of updated asset objects reloaded before import = 0
Number of asset objects unloaded after import = 3
========================================================================
Received Import Request.
  Time since last request: 0.000019 seconds.
  path: Assets/Gizmos/ikGoalDisabled.png
  artifactKey: Guid(26244210383c847feaae53c1e91b4e33) Importer(815301076,1909f56bfc062723c751e8b465ee728b)
Start importing Assets/Gizmos/ikGoalDisabled.png using Guid(26244210383c847feaae53c1e91b4e33) Importer(815301076,1909f56bfc062723c751e8b465ee728b) [PhysX] Initialized MultithreadedTaskDispatcher with 16 workers.
[PhysX] Initialized MultithreadedTaskDispatcher with 16 workers.
 -> (artifact id: '5e7a6ea74e3967e6401b365fe71d0586') in 0.019545 seconds
Number of updated asset objects reloaded before import = 0
Number of asset objects unloaded after import = 3
========================================================================
Received Import Request.
  Time since last request: 0.113680 seconds.
  path: Assets/Organic assets/02 Visual assets/02 UI components/SpecificContainers/InGame_UI_Bar.psd
  artifactKey: Guid(6be4d039596c7e647a51db78b6f22f71) Importer(815301076,1909f56bfc062723c751e8b465ee728b)
Start importing Assets/Organic assets/02 Visual assets/02 UI components/SpecificContainers/InGame_UI_Bar.psd using Guid(6be4d039596c7e647a51db78b6f22f71) Importer(815301076,1909f56bfc062723c751e8b465ee728b) [PhysX] Initialized MultithreadedTaskDispatcher with 16 workers.
[PhysX] Initialized MultithreadedTaskDispatcher with 16 workers.
 -> (artifact id: '0f8ecb9af4fd5d560278b4edf2ec9433') in 0.021250 seconds
Number of updated asset objects reloaded before import = 0
Number of asset objects unloaded after import = 3
========================================================================
Received Import Request.
  Time since last request: 0.000019 seconds.
  path: Assets/Organic assets/02 Visual assets/04 Characters in menu/CharacterDisplay/Sources/Body8_Rocky/LeftArm_Rocky.psd
  artifactKey: Guid(0a8ed31d1ba7dd843820578fa5abbaa5) Importer(815301076,1909f56bfc062723c751e8b465ee728b)
Start importing Assets/Organic assets/02 Visual assets/04 Characters in menu/CharacterDisplay/Sources/Body8_Rocky/LeftArm_Rocky.psd using Guid(0a8ed31d1ba7dd843820578fa5abbaa5) Importer(815301076,1909f56bfc062723c751e8b465ee728b) [PhysX] Initialized MultithreadedTaskDispatcher with 16 workers.
[PhysX] Initialized MultithreadedTaskDispatcher with 16 workers.
 -> (artifact id: '55a5842d941425db987a8a2f3f114c24') in 0.020236 seconds
Number of updated asset objects reloaded before import = 0
Number of asset objects unloaded after import = 3
========================================================================
Received Import Request.
  Time since last request: 19.821337 seconds.
  path: Assets/Organic assets/02 Visual assets/04 Characters in menu/CharacterDisplay/Sources/Body5_Butcher/LeftFoot_Butcher.psd
  artifactKey: Guid(aeb56b996955b9b408e3a0ca483da21a) Importer(815301076,1909f56bfc062723c751e8b465ee728b)
Start importing Assets/Organic assets/02 Visual assets/04 Characters in menu/CharacterDisplay/Sources/Body5_Butcher/LeftFoot_Butcher.psd using Guid(aeb56b996955b9b408e3a0ca483da21a) Importer(815301076,1909f56bfc062723c751e8b465ee728b) [PhysX] Initialized MultithreadedTaskDispatcher with 16 workers.
[PhysX] Initialized MultithreadedTaskDispatcher with 16 workers.
 -> (artifact id: '87e3dd1eb0bfc27952602adb9a1aa84b') in 0.027016 seconds
Number of updated asset objects reloaded before import = 0
Number of asset objects unloaded after import = 3
========================================================================
Received Import Request.
  Time since last request: 0.006607 seconds.
  path: Assets/Organic assets/02 Visual assets/04 Characters in menu/CharacterDisplay/Sources/Body6_Vaporous/LeftFoot_Vaporous.psd
  artifactKey: Guid(e2b71c07aa7aab44e8c3d63e4cc358da) Importer(815301076,1909f56bfc062723c751e8b465ee728b)
Start importing Assets/Organic assets/02 Visual assets/04 Characters in menu/CharacterDisplay/Sources/Body6_Vaporous/LeftFoot_Vaporous.psd using Guid(e2b71c07aa7aab44e8c3d63e4cc358da) Importer(815301076,1909f56bfc062723c751e8b465ee728b) [PhysX] Initialized MultithreadedTaskDispatcher with 16 workers.
[PhysX] Initialized MultithreadedTaskDispatcher with 16 workers.
 -> (artifact id: '269a367c306be77c3835a4cfe42dc42d') in 0.018728 seconds
Number of updated asset objects reloaded before import = 0
Number of asset objects unloaded after import = 3
========================================================================
Received Import Request.
  Time since last request: 0.047645 seconds.
  path: Assets/Organic assets/02 Visual assets/04 Characters in menu/CharacterDisplay/Sources/Body4_Nyla/LeftImp_Egypt.psd
  artifactKey: Guid(b72a0429153b5fa4ab6645260dd5a6ad) Importer(815301076,1909f56bfc062723c751e8b465ee728b)
Start importing Assets/Organic assets/02 Visual assets/04 Characters in menu/CharacterDisplay/Sources/Body4_Nyla/LeftImp_Egypt.psd using Guid(b72a0429153b5fa4ab6645260dd5a6ad) Importer(815301076,1909f56bfc062723c751e8b465ee728b) [PhysX] Initialized MultithreadedTaskDispatcher with 16 workers.
[PhysX] Initialized MultithreadedTaskDispatcher with 16 workers.
 -> (artifact id: '874a8d6bc6e0ba584fad2e5cf8e3d9c9') in 0.016336 seconds
Number of updated asset objects reloaded before import = 0
Number of asset objects unloaded after import = 3
========================================================================
Received Import Request.
  Time since last request: 0.002652 seconds.
  path: Assets/Organic assets/02 Visual assets/04 Characters in menu/CharacterDisplay/Sources/Body7_Woody/LeftImp_Woody.psd
  artifactKey: Guid(f1e95fa52ee9eac47994626cb2d7fb9d) Importer(815301076,1909f56bfc062723c751e8b465ee728b)
Start importing Assets/Organic assets/02 Visual assets/04 Characters in menu/CharacterDisplay/Sources/Body7_Woody/LeftImp_Woody.psd using Guid(f1e95fa52ee9eac47994626cb2d7fb9d) Importer(815301076,1909f56bfc062723c751e8b465ee728b) [PhysX] Initialized MultithreadedTaskDispatcher with 16 workers.
[PhysX] Initialized MultithreadedTaskDispatcher with 16 workers.
 -> (artifact id: '7cd749a08317ca158a1b9195ff2f7fbe') in 0.024051 seconds
Number of updated asset objects reloaded before import = 0
Number of asset objects unloaded after import = 3
========================================================================
Received Import Request.
  Time since last request: 2.203341 seconds.
  path: Assets/Organic assets/02 Visual assets/04 Characters in menu/CharacterDisplay/Sources/Body5_Butcher/Legs_Butcher.psd
  artifactKey: Guid(334a760012bbe53488dcb126b2bc1a10) Importer(815301076,1909f56bfc062723c751e8b465ee728b)
Start importing Assets/Organic assets/02 Visual assets/04 Characters in menu/CharacterDisplay/Sources/Body5_Butcher/Legs_Butcher.psd using Guid(334a760012bbe53488dcb126b2bc1a10) Importer(815301076,1909f56bfc062723c751e8b465ee728b) [PhysX] Initialized MultithreadedTaskDispatcher with 16 workers.
[PhysX] Initialized MultithreadedTaskDispatcher with 16 workers.
 -> (artifact id: 'e163ea06e43adab5bbd8f75409b70e31') in 0.020532 seconds
Number of updated asset objects reloaded before import = 0
Number of asset objects unloaded after import = 3
========================================================================
Received Import Request.
  Time since last request: 0.003306 seconds.
  path: Assets/Organic assets/02 Visual assets/04 Characters in menu/CharacterDisplay/Sources/Body4_Nyla/Legs_Egypt.psd
  artifactKey: Guid(9c80aa51abe83a54090fb51a6ff1ba32) Importer(815301076,1909f56bfc062723c751e8b465ee728b)
Start importing Assets/Organic assets/02 Visual assets/04 Characters in menu/CharacterDisplay/Sources/Body4_Nyla/Legs_Egypt.psd using Guid(9c80aa51abe83a54090fb51a6ff1ba32) Importer(815301076,1909f56bfc062723c751e8b465ee728b) [PhysX] Initialized MultithreadedTaskDispatcher with 16 workers.
[PhysX] Initialized MultithreadedTaskDispatcher with 16 workers.
 -> (artifact id: 'e3f693b4123605f8416bb831eb461253') in 0.018902 seconds
Number of updated asset objects reloaded before import = 0
Number of asset objects unloaded after import = 3
========================================================================
Received Import Request.
  Time since last request: 0.001467 seconds.
  path: Assets/Organic assets/02 Visual assets/04 Characters in menu/CharacterDisplay/Sources/Body7_Woody/Legs_Woody.psd
  artifactKey: Guid(5cd356c8b30ec544fbe26a6bb2011bb3) Importer(815301076,1909f56bfc062723c751e8b465ee728b)
Start importing Assets/Organic assets/02 Visual assets/04 Characters in menu/CharacterDisplay/Sources/Body7_Woody/Legs_Woody.psd using Guid(5cd356c8b30ec544fbe26a6bb2011bb3) Importer(815301076,1909f56bfc062723c751e8b465ee728b) [PhysX] Initialized MultithreadedTaskDispatcher with 16 workers.
[PhysX] Initialized MultithreadedTaskDispatcher with 16 workers.
 -> (artifact id: '75788a966bc0af7c504db2250acf1c6b') in 0.016077 seconds
Number of updated asset objects reloaded before import = 0
Number of asset objects unloaded after import = 3
========================================================================
Received Import Request.
  Time since last request: 2.154868 seconds.
  path: Assets/Organic assets/02 Visual assets/02 UI components/Icons/PortraitMenuButtonActivatedUI.psd
  artifactKey: Guid(1dc8466b36266204c9df72212af0d1fb) Importer(815301076,1909f56bfc062723c751e8b465ee728b)
Start importing Assets/Organic assets/02 Visual assets/02 UI components/Icons/PortraitMenuButtonActivatedUI.psd using Guid(1dc8466b36266204c9df72212af0d1fb) Importer(815301076,1909f56bfc062723c751e8b465ee728b) [PhysX] Initialized MultithreadedTaskDispatcher with 16 workers.
[PhysX] Initialized MultithreadedTaskDispatcher with 16 workers.
 -> (artifact id: '77e7ace034017b4edd04b28d015b9344') in 0.022614 seconds
Number of updated asset objects reloaded before import = 0
Number of asset objects unloaded after import = 3
========================================================================
Received Import Request.
  Time since last request: 0.368775 seconds.
  path: Assets/Organic assets/02 Visual assets/04 Characters in menu/CharacterDisplay/Sources/Body5_Butcher/RightArm_Butcher.psd
  artifactKey: Guid(85e66e440cf6ce74eab55ed4b39300d2) Importer(815301076,1909f56bfc062723c751e8b465ee728b)
Start importing Assets/Organic assets/02 Visual assets/04 Characters in menu/CharacterDisplay/Sources/Body5_Butcher/RightArm_Butcher.psd using Guid(85e66e440cf6ce74eab55ed4b39300d2) Importer(815301076,1909f56bfc062723c751e8b465ee728b) [PhysX] Initialized MultithreadedTaskDispatcher with 16 workers.
[PhysX] Initialized MultithreadedTaskDispatcher with 16 workers.
 -> (artifact id: '990b87b27e28aba5efc2d26ed3458754') in 0.019794 seconds
Number of updated asset objects reloaded before import = 0
Number of asset objects unloaded after import = 3
========================================================================
Received Import Request.
  Time since last request: 0.000016 seconds.
  path: Assets/Organic assets/02 Visual assets/04 Characters in menu/CharacterDisplay/Sources/Body6_Vaporous/RightArm_Vaporous.psd
  artifactKey: Guid(3448bdfd6cf9766468a755145657854b) Importer(815301076,1909f56bfc062723c751e8b465ee728b)
Start importing Assets/Organic assets/02 Visual assets/04 Characters in menu/CharacterDisplay/Sources/Body6_Vaporous/RightArm_Vaporous.psd using Guid(3448bdfd6cf9766468a755145657854b) Importer(815301076,1909f56bfc062723c751e8b465ee728b) [PhysX] Initialized MultithreadedTaskDispatcher with 16 workers.
[PhysX] Initialized MultithreadedTaskDispatcher with 16 workers.
 -> (artifact id: 'ba6e72678e576aa12cd6786ae87b072f') in 0.018434 seconds
Number of updated asset objects reloaded before import = 0
Number of asset objects unloaded after import = 3
========================================================================
Received Import Request.
  Time since last request: 0.040651 seconds.
  path: Assets/Organic assets/02 Visual assets/04 Characters in menu/CharacterDisplay/Sources/Body7_Woody/RightArm_Woody.psd
  artifactKey: Guid(fe93396ecf9034b468968e66d3476c53) Importer(815301076,1909f56bfc062723c751e8b465ee728b)
Start importing Assets/Organic assets/02 Visual assets/04 Characters in menu/CharacterDisplay/Sources/Body7_Woody/RightArm_Woody.psd using Guid(fe93396ecf9034b468968e66d3476c53) Importer(815301076,1909f56bfc062723c751e8b465ee728b) [PhysX] Initialized MultithreadedTaskDispatcher with 16 workers.
[PhysX] Initialized MultithreadedTaskDispatcher with 16 workers.
 -> (artifact id: 'e5b33a222e6be2ae976cae7735ce235f') in 0.023856 seconds
Number of updated asset objects reloaded before import = 0
Number of asset objects unloaded after import = 3
========================================================================
Received Import Request.
  Time since last request: 0.398229 seconds.
  path: Assets/Organic assets/02 Visual assets/04 Characters in menu/CharacterDisplay/Sources/Body5_Butcher/RightFoot_Butcher.psd
  artifactKey: Guid(0dfd8db38b8f0db4caa8b09f7724a733) Importer(815301076,1909f56bfc062723c751e8b465ee728b)
Start importing Assets/Organic assets/02 Visual assets/04 Characters in menu/CharacterDisplay/Sources/Body5_Butcher/RightFoot_Butcher.psd using Guid(0dfd8db38b8f0db4caa8b09f7724a733) Importer(815301076,1909f56bfc062723c751e8b465ee728b) [PhysX] Initialized MultithreadedTaskDispatcher with 16 workers.
[PhysX] Initialized MultithreadedTaskDispatcher with 16 workers.
 -> (artifact id: 'b35b9a262afd6250efb80482207d4e10') in 0.016573 seconds
Number of updated asset objects reloaded before import = 0
Number of asset objects unloaded after import = 3
========================================================================
Received Import Request.
  Time since last request: 0.003941 seconds.
  path: Assets/Organic assets/02 Visual assets/04 Characters in menu/CharacterDisplay/Sources/Body6_Vaporous/RightFoot_Vaporous.psd
  artifactKey: Guid(43c264de027a1344b86901241a5ce12d) Importer(815301076,1909f56bfc062723c751e8b465ee728b)
Start importing Assets/Organic assets/02 Visual assets/04 Characters in menu/CharacterDisplay/Sources/Body6_Vaporous/RightFoot_Vaporous.psd using Guid(43c264de027a1344b86901241a5ce12d) Importer(815301076,1909f56bfc062723c751e8b465ee728b) [PhysX] Initialized MultithreadedTaskDispatcher with 16 workers.
[PhysX] Initialized MultithreadedTaskDispatcher with 16 workers.
 -> (artifact id: '420ea454117f672c2cd0863fc67017e8') in 0.022094 seconds
Number of updated asset objects reloaded before import = 0
Number of asset objects unloaded after import = 3
========================================================================
Received Import Request.
  Time since last request: 0.035207 seconds.
  path: Assets/Organic assets/02 Visual assets/04 Characters in menu/CharacterDisplay/Sources/Body5_Butcher/RightImp_Butcher.psd
  artifactKey: Guid(c76bb7b8f5f54174082b3cf2a698f7d0) Importer(815301076,1909f56bfc062723c751e8b465ee728b)
Start importing Assets/Organic assets/02 Visual assets/04 Characters in menu/CharacterDisplay/Sources/Body5_Butcher/RightImp_Butcher.psd using Guid(c76bb7b8f5f54174082b3cf2a698f7d0) Importer(815301076,1909f56bfc062723c751e8b465ee728b) [PhysX] Initialized MultithreadedTaskDispatcher with 16 workers.
[PhysX] Initialized MultithreadedTaskDispatcher with 16 workers.
 -> (artifact id: 'b0052b9c34f58c102f0173357083d52f') in 0.016711 seconds
Number of updated asset objects reloaded before import = 0
Number of asset objects unloaded after import = 3
========================================================================
Received Import Request.
  Time since last request: 0.003260 seconds.
  path: Assets/Organic assets/02 Visual assets/04 Characters in menu/CharacterDisplay/Sources/Body6_Vaporous/RightImp_Vaporous.psd
  artifactKey: Guid(9ea9fe2625620e9489fa4b7026b752f0) Importer(815301076,1909f56bfc062723c751e8b465ee728b)
Start importing Assets/Organic assets/02 Visual assets/04 Characters in menu/CharacterDisplay/Sources/Body6_Vaporous/RightImp_Vaporous.psd using Guid(9ea9fe2625620e9489fa4b7026b752f0) Importer(815301076,1909f56bfc062723c751e8b465ee728b) [PhysX] Initialized MultithreadedTaskDispatcher with 16 workers.
[PhysX] Initialized MultithreadedTaskDispatcher with 16 workers.
 -> (artifact id: '7f8bb4c64bb582807cf6d01c58b33b2b') in 0.018508 seconds
Number of updated asset objects reloaded before import = 0
Number of asset objects unloaded after import = 3
========================================================================
Received Import Request.
  Time since last request: 41.864970 seconds.
  path: Assets/Organic assets/02 Visual assets/01 Startscreen/Source/Startscreen - Blue and red v3.psd
  artifactKey: Guid(dc3581ff5c2f35944a9fbcb2234fbfc1) Importer(815301076,1909f56bfc062723c751e8b465ee728b)
Start importing Assets/Organic assets/02 Visual assets/01 Startscreen/Source/Startscreen - Blue and red v3.psd using Guid(dc3581ff5c2f35944a9fbcb2234fbfc1) Importer(815301076,1909f56bfc062723c751e8b465ee728b) [PhysX] Initialized MultithreadedTaskDispatcher with 16 workers.
[PhysX] Initialized MultithreadedTaskDispatcher with 16 workers.
 -> (artifact id: '2e756329e093e2a12b5611dd5406a83f') in 0.110550 seconds
Number of updated asset objects reloaded before import = 0
Number of asset objects unloaded after import = 3
========================================================================
Received Import Request.
  Time since last request: 0.992614 seconds.
  path: Assets/Organic assets/02 Visual assets/04 Characters in menu/CharacterDisplay/Sources/Body5_Butcher/Torso_Butcher.psd
  artifactKey: Guid(2f85415a19e152547b4a87706c6d2999) Importer(815301076,1909f56bfc062723c751e8b465ee728b)
Start importing Assets/Organic assets/02 Visual assets/04 Characters in menu/CharacterDisplay/Sources/Body5_Butcher/Torso_Butcher.psd using Guid(2f85415a19e152547b4a87706c6d2999) Importer(815301076,1909f56bfc062723c751e8b465ee728b) [PhysX] Initialized MultithreadedTaskDispatcher with 16 workers.
[PhysX] Initialized MultithreadedTaskDispatcher with 16 workers.
 -> (artifact id: '08ea74bae9991fc044e7f0b5a4b436e9') in 0.018979 seconds
Number of updated asset objects reloaded before import = 0
Number of asset objects unloaded after import = 3
========================================================================
Received Import Request.
  Time since last request: 0.000102 seconds.
  path: Assets/Organic assets/02 Visual assets/04 Characters in menu/CharacterDisplay/Sources/Body6_Vaporous/Torso_Vaporous.psd
  artifactKey: Guid(36e3c2d4e7c26d445a9c3733c487788a) Importer(815301076,1909f56bfc062723c751e8b465ee728b)
Start importing Assets/Organic assets/02 Visual assets/04 Characters in menu/CharacterDisplay/Sources/Body6_Vaporous/Torso_Vaporous.psd using Guid(36e3c2d4e7c26d445a9c3733c487788a) Importer(815301076,1909f56bfc062723c751e8b465ee728b) [PhysX] Initialized MultithreadedTaskDispatcher with 16 workers.
[PhysX] Initialized MultithreadedTaskDispatcher with 16 workers.
 -> (artifact id: '903746e7a0b65b64cba31f56ac8bf4b2') in 0.020135 seconds
Number of updated asset objects reloaded before import = 0
Number of asset objects unloaded after import = 3
========================================================================
Received Import Request.
  Time since last request: 0.046920 seconds.
  path: Assets/Organic assets/02 Visual assets/02 UI components/GenericContainers/UI_Circle_Filled.psd
  artifactKey: Guid(81ad4b3b5a5aab4419bd6f36788a276f) Importer(815301076,1909f56bfc062723c751e8b465ee728b)
Start importing Assets/Organic assets/02 Visual assets/02 UI components/GenericContainers/UI_Circle_Filled.psd using Guid(81ad4b3b5a5aab4419bd6f36788a276f) Importer(815301076,1909f56bfc062723c751e8b465ee728b) [PhysX] Initialized MultithreadedTaskDispatcher with 16 workers.
[PhysX] Initialized MultithreadedTaskDispatcher with 16 workers.
 -> (artifact id: '3fbf3a5f9fcbfb0fb17b471df34971d0') in 0.021184 seconds
Number of updated asset objects reloaded before import = 0
Number of asset objects unloaded after import = 3
========================================================================
Received Import Request.
  Time since last request: 0.000105 seconds.
  path: Assets/Organic assets/02 Visual assets/02 UI components/GenericContainers/UIPanelBackgroundSimpleBlack.psd
  artifactKey: Guid(215657362f9733641b2a87b56b046645) Importer(815301076,1909f56bfc062723c751e8b465ee728b)
Start importing Assets/Organic assets/02 Visual assets/02 UI components/GenericContainers/UIPanelBackgroundSimpleBlack.psd using Guid(215657362f9733641b2a87b56b046645) Importer(815301076,1909f56bfc062723c751e8b465ee728b) [PhysX] Initialized MultithreadedTaskDispatcher with 16 workers.
[PhysX] Initialized MultithreadedTaskDispatcher with 16 workers.
 -> (artifact id: 'f7f4b29eca567ece0fe9b31eefc9c1e5') in 0.025207 seconds
Number of updated asset objects reloaded before import = 0
Number of asset objects unloaded after import = 3
========================================================================
Received Import Request.
  Time since last request: 0.000019 seconds.
  path: Assets/Organic assets/02 Visual assets/02 UI components/GenericContainers/UIPanelBackgroundSimpleTransparent.psd
  artifactKey: Guid(efdef05b42cfeb64c9cc4d46848b22ba) Importer(815301076,1909f56bfc062723c751e8b465ee728b)
Start importing Assets/Organic assets/02 Visual assets/02 UI components/GenericContainers/UIPanelBackgroundSimpleTransparent.psd using Guid(efdef05b42cfeb64c9cc4d46848b22ba) Importer(815301076,1909f56bfc062723c751e8b465ee728b) [PhysX] Initialized MultithreadedTaskDispatcher with 16 workers.
[PhysX] Initialized MultithreadedTaskDispatcher with 16 workers.
 -> (artifact id: 'aec64697cf10484f9b27a0534da2400d') in 0.019917 seconds
Number of updated asset objects reloaded before import = 0
Number of asset objects unloaded after import = 3
========================================================================
Received Import Request.
  Time since last request: 0.003735 seconds.
  path: Assets/Organic assets/02 Visual assets/01 Startscreen/white_background.png
  artifactKey: Guid(8f160f1eb4c33de4fa5d89df60d38a8f) Importer(815301076,1909f56bfc062723c751e8b465ee728b)
Start importing Assets/Organic assets/02 Visual assets/01 Startscreen/white_background.png using Guid(8f160f1eb4c33de4fa5d89df60d38a8f) Importer(815301076,1909f56bfc062723c751e8b465ee728b) [PhysX] Initialized MultithreadedTaskDispatcher with 16 workers.
[PhysX] Initialized MultithreadedTaskDispatcher with 16 workers.
 -> (artifact id: '21fadc7349c25f0a5aae4ea25cc00f0a') in 0.093033 seconds
Number of updated asset objects reloaded before import = 0
Number of asset objects unloaded after import = 3
========================================================================
Received Import Request.
  Time since last request: 636.547372 seconds.
  path: Assets/Organic assets/02 Visual assets/07 Characters/Humanoid/HumanoidFrontSprite.psb
  artifactKey: Guid(970b05881613d234a92a1696e773577e) Importer(815301076,1909f56bfc062723c751e8b465ee728b)
Start importing Assets/Organic assets/02 Visual assets/07 Characters/Humanoid/HumanoidFrontSprite.psb using Guid(970b05881613d234a92a1696e773577e) Importer(815301076,1909f56bfc062723c751e8b465ee728b) [PhysX] Initialized MultithreadedTaskDispatcher with 16 workers.
[PhysX] Initialized MultithreadedTaskDispatcher with 16 workers.
[PhysX] Initialized MultithreadedTaskDispatcher with 16 workers.
[PhysX] Initialized MultithreadedTaskDispatcher with 16 workers.
[PhysX] Initialized MultithreadedTaskDispatcher with 16 workers.
[PhysX] Initialized MultithreadedTaskDispatcher with 16 workers.
[PhysX] Initialized MultithreadedTaskDispatcher with 16 workers.
[PhysX] Initialized MultithreadedTaskDispatcher with 16 workers.
[PhysX] Initialized MultithreadedTaskDispatcher with 16 workers.
[PhysX] Initialized MultithreadedTaskDispatcher with 16 workers.
[PhysX] Initialized MultithreadedTaskDispatcher with 16 workers.
[PhysX] Initialized MultithreadedTaskDispatcher with 16 workers.
[PhysX] Initialized MultithreadedTaskDispatcher with 16 workers.
[PhysX] Initialized MultithreadedTaskDispatcher with 16 workers.
[PhysX] Initialized MultithreadedTaskDispatcher with 16 workers.
[PhysX] Initialized MultithreadedTaskDispatcher with 16 workers.
[PhysX] Initialized MultithreadedTaskDispatcher with 16 workers.
[PhysX] Initialized MultithreadedTaskDispatcher with 16 workers.
[PhysX] Initialized MultithreadedTaskDispatcher with 16 workers.
[PhysX] Initialized MultithreadedTaskDispatcher with 16 workers.
[PhysX] Initialized MultithreadedTaskDispatcher with 16 workers.
[PhysX] Initialized MultithreadedTaskDispatcher with 16 workers.
[PhysX] Initialized MultithreadedTaskDispatcher with 16 workers.
[PhysX] Initialized MultithreadedTaskDispatcher with 16 workers.
[PhysX] Initialized MultithreadedTaskDispatcher with 16 workers.
[PhysX] Initialized MultithreadedTaskDispatcher with 16 workers.
[PhysX] Initialized MultithreadedTaskDispatcher with 16 workers.
[PhysX] Initialized MultithreadedTaskDispatcher with 16 workers.
[PhysX] Initialized MultithreadedTaskDispatcher with 16 workers.
[PhysX] Initialized MultithreadedTaskDispatcher with 16 workers.
 -> (artifact id: 'a86b3449b339f07d91bb7fce4367bea1') in 0.613372 seconds
Number of updated asset objects reloaded before import = 0
Number of asset objects unloaded after import = 480
